<?xml version="1.0" encoding="UTF-8"?>
<!-- Generated by org.testng.reporters.JUnitXMLReporter -->
<testsuite hostname="DESKTOP-AKGR4NQ" failures="0" tests="9" name="ChromeBrowserTest" time="44.494" errors="0" timestamp="10 Jan 2021 05:17:35 GMT">
  <testcase classname="tests.TestCases" name="handleCookiesPopUp" time="0.321"/>
  <testcase classname="tests.TestCases" name="validateHomePages" time="0.044"/>
  <testcase classname="tests.TestCases" name="enterCityNameClickSearch" time="6.438"/>
  <testcase classname="tests.TestCases" name="validateListingPages" time="0.017"/>
  <testcase classname="tests.TestCases" name="sortProperty" time="5.797"/>
  <testcase classname="tests.TestCases" name="getPropertyList" time="1.663"/>
  <testcase classname="tests.TestCases" name="findProperty" time="4.23"/>
  <testcase classname="tests.TestCases" name="AgentDetails" time="5.078"/>
  <testcase classname="tests.TestCases" name="verifyAgent" time="6.872"/>
</testsuite> <!-- ChromeBrowserTest -->
