<?xml version="1.0" encoding="UTF-8"?>
<!-- Generated by org.testng.reporters.JUnitXMLReporter -->
<testsuite hostname="DESKTOP-AKGR4NQ" failures="0" tests="10" name="ChromeBrowserTest" time="46.533" errors="0" timestamp="4 Feb 2021 23:11:26 GMT">
  <testcase classname="tests.TestCases" name="handleCookiesPopUp" time="0.453"/>
  <testcase classname="tests.TestCases" name="validateHomePages" time="0.034"/>
  <testcase classname="tests.TestCases" name="enterCityNameClickSearch" time="6.929"/>
  <testcase classname="tests.TestCases" name="validateListingPages" time="0.028"/>
  <testcase classname="tests.TestCases" name="sortProperty" time="6.041"/>
  <testcase classname="tests.TestCases" name="getPropertyList" time="1.42"/>
  <testcase classname="tests.TestCases" name="findProperty" time="3.986"/>
  <testcase classname="tests.TestCases" name="AgentDetails" time="5.559"/>
  <testcase classname="tests.TestCases" name="verifyAgent" time="6.882"/>
  <testcase classname="tests.TestCases" name="tearDown" time="0.862"/>
</testsuite> <!-- ChromeBrowserTest -->
