<?xml version="1.0" encoding="UTF-8"?>
<!-- Generated by org.testng.reporters.JUnitXMLReporter -->
<testsuite hostname="DESKTOP-AKGR4NQ" failures="0" tests="9" name="FireFoxBrowserTest" time="34.581" errors="0" timestamp="10 Jan 2021 05:18:10 GMT">
  <testcase classname="tests.TestCases" name="handleCookiesPopUp" time="0.587"/>
  <testcase classname="tests.TestCases" name="validateHomePages" time="0.012"/>
  <testcase classname="tests.TestCases" name="enterCityNameClickSearch" time="4.709"/>
  <testcase classname="tests.TestCases" name="validateListingPages" time="0.021"/>
  <testcase classname="tests.TestCases" name="sortProperty" time="7.461"/>
  <testcase classname="tests.TestCases" name="getPropertyList" time="0.667"/>
  <testcase classname="tests.TestCases" name="findProperty" time="1.945"/>
  <testcase classname="tests.TestCases" name="AgentDetails" time="3.028"/>
  <testcase classname="tests.TestCases" name="verifyAgent" time="6.402"/>
</testsuite> <!-- FireFoxBrowserTest -->
