<?xml version="1.0" encoding="UTF-8"?>
<!-- Generated by org.testng.reporters.JUnitXMLReporter -->
<testsuite hostname="DESKTOP-AKGR4NQ" failures="10" tests="10" name="FireFoxBrowserTest" time="7.828" errors="0" timestamp="4 Feb 2021 07:15:06 GMT">
  <testcase classname="tests.TestCases" name="handleCookiesPopUp" time="0.056">
    <failure type="java.lang.StackOverflowError">
      <![CDATA[java.lang.StackOverflowError
	at Utilities.Log.info(Log.java:31)
	at Utilities.Log.info(Log.java:31)
	at Utilities.Log.info(Log.java:31)
	at Utilities.Log.info(Log.java:31)
	at Utilities.Log.info(Log.java:31)
	at Utilities.Log.info(Log.java:31)
	at Utilities.Log.info(Log.java:31)
	at Utilities.Log.info(Log.java:31)
	at Utilities.Log.info(Log.java:31)
	at Utilities.Log.info(Log.java:31)
	at Utilities.Log.info(Log.java:31)
	at Utilities.Log.info(Log.java:31)
	at Utilities.Log.info(Log.java:31)
	at Utilities.Log.info(Log.java:31)
	at Utilities.Log.info(Log.java:31)
	at Utilities.Log.info(Log.java:31)
	at Utilities.Log.info(Log.java:31)
	at Utilities.Log.info(Log.java:31)
	at Utilities.Log.info(Log.java:31)
	at Utilities.Log.info(Log.java:31)
	at Utilities.Log.info(Log.java:31)
	at Utilities.Log.info(Log.java:31)
	at Utilities.Log.info(Log.java:31)
	at Utilities.Log.info(Log.java:31)
	at Utilities.Log.info(Log.java:31)
	at Utilities.Log.info(Log.java:31)
	at Utilities.Log.info(Log.java:31)
	at Utilities.Log.info(Log.java:31)
	at Utilities.Log.info(Log.java:31)
	at Utilities.Log.info(Log.java:31)
	at Utilities.Log.info(Log.java:31)
	at Utilities.Log.info(Log.java:31)
	at Utilities.Log.info(Log.java:31)
	at Utilities.Log.info(Log.java:31)
	at Utilities.Log.info(Log.java:31)
	at Utilities.Log.info(Log.java:31)
	at Utilities.Log.info(Log.java:31)
	at Utilities.Log.info(Log.java:31)
	at Utilities.Log.info(Log.java:31)
	at Utilities.Log.info(Log.java:31)
	at Utilities.Log.info(Log.java:31)
	at Utilities.Log.info(Log.java:31)
	at Utilities.Log.info(Log.java:31)
	at Utilities.Log.info(Log.java:31)
	at Utilities.Log.info(Log.java:31)
	at Utilities.Log.info(Log.java:31)
	at Utilities.Log.info(Log.java:31)
	at Utilities.Log.info(Log.java:31)
	at Utilities.Log.info(Log.java:31)
	at Utilities.Log.info(Log.java:31)
	at Utilities.Log.info(Log.java:31)
	at Utilities.Log.info(Log.java:31)
	at Utilities.Log.info(Log.java:31)
	at Utilities.Log.info(Log.java:31)
	at Utilities.Log.info(Log.java:31)
	at Utilities.Log.info(Log.java:31)
	at Utilities.Log.info(Log.java:31)
	at Utilities.Log.info(Log.java:31)
	at Utilities.Log.info(Log.java:31)
	at Utilities.Log.info(Log.java:31)
	at Utilities.Log.info(Log.java:31)
	at Utilities.Log.info(Log.java:31)
	at Utilities.Log.info(Log.java:31)
	at Utilities.Log.info(Log.java:31)
	at Utilities.Log.info(Log.java:31)
	at Utilities.Log.info(Log.java:31)
	at Utilities.Log.info(Log.java:31)
	at Utilities.Log.info(Log.java:31)
	at Utilities.Log.info(Log.java:31)
	at Utilities.Log.info(Log.java:31)
	at Utilities.Log.info(Log.java:31)
	at Utilities.Log.info(Log.java:31)
	at Utilities.Log.info(Log.java:31)
	at Utilities.Log.info(Log.java:31)
	at Utilities.Log.info(Log.java:31)
	at Utilities.Log.info(Log.java:31)
	at Utilities.Log.info(Log.java:31)
	at Utilities.Log.info(Log.java:31)
	at Utilities.Log.info(Log.java:31)
	at Utilities.Log.info(Log.java:31)
	at Utilities.Log.info(Log.java:31)
	at Utilities.Log.info(Log.java:31)
	at Utilities.Log.info(Log.java:31)
	at Utilities.Log.info(Log.java:31)
	at Utilities.Log.info(Log.java:31)
	at Utilities.Log.info(Log.java:31)
	at Utilities.Log.info(Log.java:31)
	at Utilities.Log.info(Log.java:31)
	at Utilities.Log.info(Log.java:31)
	at Utilities.Log.info(Log.java:31)
	at Utilities.Log.info(Log.java:31)
	at Utilities.Log.info(Log.java:31)
	at Utilities.Log.info(Log.java:31)
	at Utilities.Log.info(Log.java:31)
	at Utilities.Log.info(Log.java:31)
	at Utilities.Log.info(Log.java:31)
	at Utilities.Log.info(Log.java:31)
	at Utilities.Log.info(Log.java:31)
	at Utilities.Log.info(Log.java:31)
	at Utilities.Log.info(Log.java:31)
	at Utilities.Log.info(Log.java:31)
	at Utilities.Log.info(Log.java:31)
	at Utilities.Log.info(Log.java:31)
	at Utilities.Log.info(Log.java:31)
	at Utilities.Log.info(Log.java:31)
	at Utilities.Log.info(Log.java:31)
	at Utilities.Log.info(Log.java:31)
	at Utilities.Log.info(Log.java:31)
	at Utilities.Log.info(Log.java:31)
	at Utilities.Log.info(Log.java:31)
	at Utilities.Log.info(Log.java:31)
	at Utilities.Log.info(Log.java:31)
	at Utilities.Log.info(Log.java:31)
	at Utilities.Log.info(Log.java:31)
	at Utilities.Log.info(Log.java:31)
	at Utilities.Log.info(Log.java:31)
	at Utilities.Log.info(Log.java:31)
	at Utilities.Log.info(Log.java:31)
	at Utilities.Log.info(Log.java:31)
	at Utilities.Log.info(Log.java:31)
	at Utilities.Log.info(Log.java:31)
	at Utilities.Log.info(Log.java:31)
	at Utilities.Log.info(Log.java:31)
	at Utilities.Log.info(Log.java:31)
	at Utilities.Log.info(Log.java:31)
	at Utilities.Log.info(Log.java:31)
	at Utilities.Log.info(Log.java:31)
	at Utilities.Log.info(Log.java:31)
	at Utilities.Log.info(Log.java:31)
	at Utilities.Log.info(Log.java:31)
	at Utilities.Log.info(Log.java:31)
	at Utilities.Log.info(Log.java:31)
	at Utilities.Log.info(Log.java:31)
	at Utilities.Log.info(Log.java:31)
	at Utilities.Log.info(Log.java:31)
	at Utilities.Log.info(Log.java:31)
	at Utilities.Log.info(Log.java:31)
	at Utilities.Log.info(Log.java:31)
	at Utilities.Log.info(Log.java:31)
	at Utilities.Log.info(Log.java:31)
	at Utilities.Log.info(Log.java:31)
	at Utilities.Log.info(Log.java:31)
	at Utilities.Log.info(Log.java:31)
	at Utilities.Log.info(Log.java:31)
	at Utilities.Log.info(Log.java:31)
	at Utilities.Log.info(Log.java:31)
	at Utilities.Log.info(Log.java:31)
	at Utilities.Log.info(Log.java:31)
	at Utilities.Log.info(Log.java:31)
	at Utilities.Log.info(Log.java:31)
	at Utilities.Log.info(Log.java:31)
	at Utilities.Log.info(Log.java:31)
	at Utilities.Log.info(Log.java:31)
	at Utilities.Log.info(Log.java:31)
	at Utilities.Log.info(Log.java:31)
	at Utilities.Log.info(Log.java:31)
	at Utilities.Log.info(Log.java:31)
	at Utilities.Log.info(Log.java:31)
	at Utilities.Log.info(Log.java:31)
	at Utilities.Log.info(Log.java:31)
	at Utilities.Log.info(Log.java:31)
	at Utilities.Log.info(Log.java:31)
	at Utilities.Log.info(Log.java:31)
	at Utilities.Log.info(Log.java:31)
	at Utilities.Log.info(Log.java:31)
	at Utilities.Log.info(Log.java:31)
	at Utilities.Log.info(Log.java:31)
	at Utilities.Log.info(Log.java:31)
	at Utilities.Log.info(Log.java:31)
	at Utilities.Log.info(Log.java:31)
	at Utilities.Log.info(Log.java:31)
	at Utilities.Log.info(Log.java:31)
	at Utilities.Log.info(Log.java:31)
	at Utilities.Log.info(Log.java:31)
	at Utilities.Log.info(Log.java:31)
	at Utilities.Log.info(Log.java:31)
	at Utilities.Log.info(Log.java:31)
	at Utilities.Log.info(Log.java:31)
	at Utilities.Log.info(Log.java:31)
	at Utilities.Log.info(Log.java:31)
	at Utilities.Log.info(Log.java:31)
	at Utilities.Log.info(Log.java:31)
	at Utilities.Log.info(Log.java:31)
	at Utilities.Log.info(Log.java:31)
	at Utilities.Log.info(Log.java:31)
	at Utilities.Log.info(Log.java:31)
	at Utilities.Log.info(Log.java:31)
	at Utilities.Log.info(Log.java:31)
	at Utilities.Log.info(Log.java:31)
	at Utilities.Log.info(Log.java:31)
	at Utilities.Log.info(Log.java:31)
	at Utilities.Log.info(Log.java:31)
	at Utilities.Log.info(Log.java:31)
	at Utilities.Log.info(Log.java:31)
	at Utilities.Log.info(Log.java:31)
	at Utilities.Log.info(Log.java:31)
	at Utilities.Log.info(Log.java:31)
	at Utilities.Log.info(Log.java:31)
	at Utilities.Log.info(Log.java:31)
	at Utilities.Log.info(Log.java:31)
	at Utilities.Log.info(Log.java:31)
	at Utilities.Log.info(Log.java:31)
	at Utilities.Log.info(Log.java:31)
	at Utilities.Log.info(Log.java:31)
	at Utilities.Log.info(Log.java:31)
	at Utilities.Log.info(Log.java:31)
	at Utilities.Log.info(Log.java:31)
	at Utilities.Log.info(Log.java:31)
	at Utilities.Log.info(Log.java:31)
	at Utilities.Log.info(Log.java:31)
	at Utilities.Log.info(Log.java:31)
	at Utilities.Log.info(Log.java:31)
	at Utilities.Log.info(Log.java:31)
	at Utilities.Log.info(Log.java:31)
	at Utilities.Log.info(Log.java:31)
	at Utilities.Log.info(Log.java:31)
	at Utilities.Log.info(Log.java:31)
	at Utilities.Log.info(Log.java:31)
	at Utilities.Log.info(Log.java:31)
	at Utilities.Log.info(Log.java:31)
	at Utilities.Log.info(Log.java:31)
	at Utilities.Log.info(Log.java:31)
	at Utilities.Log.info(Log.java:31)
	at Utilities.Log.info(Log.java:31)
	at Utilities.Log.info(Log.java:31)
	at Utilities.Log.info(Log.java:31)
	at Utilities.Log.info(Log.java:31)
	at Utilities.Log.info(Log.java:31)
	at Utilities.Log.info(Log.java:31)
	at Utilities.Log.info(Log.java:31)
	at Utilities.Log.info(Log.java:31)
	at Utilities.Log.info(Log.java:31)
	at Utilities.Log.info(Log.java:31)
	at Utilities.Log.info(Log.java:31)
	at Utilities.Log.info(Log.java:31)
	at Utilities.Log.info(Log.java:31)
	at Utilities.Log.info(Log.java:31)
	at Utilities.Log.info(Log.java:31)
	at Utilities.Log.info(Log.java:31)
	at Utilities.Log.info(Log.java:31)
	at Utilities.Log.info(Log.java:31)
	at Utilities.Log.info(Log.java:31)
	at Utilities.Log.info(Log.java:31)
	at Utilities.Log.info(Log.java:31)
	at Utilities.Log.info(Log.java:31)
	at Utilities.Log.info(Log.java:31)
	at Utilities.Log.info(Log.java:31)
	at Utilities.Log.info(Log.java:31)
	at Utilities.Log.info(Log.java:31)
	at Utilities.Log.info(Log.java:31)
	at Utilities.Log.info(Log.java:31)
	at Utilities.Log.info(Log.java:31)
	at Utilities.Log.info(Log.java:31)
	at Utilities.Log.info(Log.java:31)
	at Utilities.Log.info(Log.java:31)
	at Utilities.Log.info(Log.java:31)
	at Utilities.Log.info(Log.java:31)
	at Utilities.Log.info(Log.java:31)
	at Utilities.Log.info(Log.java:31)
	at Utilities.Log.info(Log.java:31)
	at Utilities.Log.info(Log.java:31)
	at Utilities.Log.info(Log.java:31)
	at Utilities.Log.info(Log.java:31)
	at Utilities.Log.info(Log.java:31)
	at Utilities.Log.info(Log.java:31)
	at Utilities.Log.info(Log.java:31)
	at Utilities.Log.info(Log.java:31)
	at Utilities.Log.info(Log.java:31)
	at Utilities.Log.info(Log.java:31)
	at Utilities.Log.info(Log.java:31)
	at Utilities.Log.info(Log.java:31)
	at Utilities.Log.info(Log.java:31)
	at Utilities.Log.info(Log.java:31)
	at Utilities.Log.info(Log.java:31)
	at Utilities.Log.info(Log.java:31)
	at Utilities.Log.info(Log.java:31)
	at Utilities.Log.info(Log.java:31)
	at Utilities.Log.info(Log.java:31)
	at Utilities.Log.info(Log.java:31)
	at Utilities.Log.info(Log.java:31)
	at Utilities.Log.info(Log.java:31)
	at Utilities.Log.info(Log.java:31)
	at Utilities.Log.info(Log.java:31)
	at Utilities.Log.info(Log.java:31)
	at Utilities.Log.info(Log.java:31)
	at Utilities.Log.info(Log.java:31)
	at Utilities.Log.info(Log.java:31)
	at Utilities.Log.info(Log.java:31)
	at Utilities.Log.info(Log.java:31)
	at Utilities.Log.info(Log.java:31)
	at Utilities.Log.info(Log.java:31)
	at Utilities.Log.info(Log.java:31)
	at Utilities.Log.info(Log.java:31)
	at Utilities.Log.info(Log.java:31)
	at Utilities.Log.info(Log.java:31)
	at Utilities.Log.info(Log.java:31)
	at Utilities.Log.info(Log.java:31)
	at Utilities.Log.info(Log.java:31)
	at Utilities.Log.info(Log.java:31)
	at Utilities.Log.info(Log.java:31)
	at Utilities.Log.info(Log.java:31)
	at Utilities.Log.info(Log.java:31)
	at Utilities.Log.info(Log.java:31)
	at Utilities.Log.info(Log.java:31)
	at Utilities.Log.info(Log.java:31)
	at Utilities.Log.info(Log.java:31)
	at Utilities.Log.info(Log.java:31)
	at Utilities.Log.info(Log.java:31)
	at Utilities.Log.info(Log.java:31)
	at Utilities.Log.info(Log.java:31)
	at Utilities.Log.info(Log.java:31)
	at Utilities.Log.info(Log.java:31)
	at Utilities.Log.info(Log.java:31)
	at Utilities.Log.info(Log.java:31)
	at Utilities.Log.info(Log.java:31)
	at Utilities.Log.info(Log.java:31)
	at Utilities.Log.info(Log.java:31)
	at Utilities.Log.info(Log.java:31)
	at Utilities.Log.info(Log.java:31)
	at Utilities.Log.info(Log.java:31)
	at Utilities.Log.info(Log.java:31)
	at Utilities.Log.info(Log.java:31)
	at Utilities.Log.info(Log.java:31)
	at Utilities.Log.info(Log.java:31)
	at Utilities.Log.info(Log.java:31)
	at Utilities.Log.info(Log.java:31)
	at Utilities.Log.info(Log.java:31)
	at Utilities.Log.info(Log.java:31)
	at Utilities.Log.info(Log.java:31)
	at Utilities.Log.info(Log.java:31)
	at Utilities.Log.info(Log.java:31)
	at Utilities.Log.info(Log.java:31)
	at Utilities.Log.info(Log.java:31)
	at Utilities.Log.info(Log.java:31)
	at Utilities.Log.info(Log.java:31)
	at Utilities.Log.info(Log.java:31)
	at Utilities.Log.info(Log.java:31)
	at Utilities.Log.info(Log.java:31)
	at Utilities.Log.info(Log.java:31)
	at Utilities.Log.info(Log.java:31)
	at Utilities.Log.info(Log.java:31)
	at Utilities.Log.info(Log.java:31)
	at Utilities.Log.info(Log.java:31)
	at Utilities.Log.info(Log.java:31)
	at Utilities.Log.info(Log.java:31)
	at Utilities.Log.info(Log.java:31)
	at Utilities.Log.info(Log.java:31)
	at Utilities.Log.info(Log.java:31)
	at Utilities.Log.info(Log.java:31)
	at Utilities.Log.info(Log.java:31)
	at Utilities.Log.info(Log.java:31)
	at Utilities.Log.info(Log.java:31)
	at Utilities.Log.info(Log.java:31)
	at Utilities.Log.info(Log.java:31)
	at Utilities.Log.info(Log.java:31)
	at Utilities.Log.info(Log.java:31)
	at Utilities.Log.info(Log.java:31)
	at Utilities.Log.info(Log.java:31)
	at Utilities.Log.info(Log.java:31)
	at Utilities.Log.info(Log.java:31)
	at Utilities.Log.info(Log.java:31)
	at Utilities.Log.info(Log.java:31)
	at Utilities.Log.info(Log.java:31)
	at Utilities.Log.info(Log.java:31)
	at Utilities.Log.info(Log.java:31)
	at Utilities.Log.info(Log.java:31)
	at Utilities.Log.info(Log.java:31)
	at Utilities.Log.info(Log.java:31)
	at Utilities.Log.info(Log.java:31)
	at Utilities.Log.info(Log.java:31)
	at Utilities.Log.info(Log.java:31)
	at Utilities.Log.info(Log.java:31)
	at Utilities.Log.info(Log.java:31)
	at Utilities.Log.info(Log.java:31)
	at Utilities.Log.info(Log.java:31)
	at Utilities.Log.info(Log.java:31)
	at Utilities.Log.info(Log.java:31)
	at Utilities.Log.info(Log.java:31)
	at Utilities.Log.info(Log.java:31)
	at Utilities.Log.info(Log.java:31)
	at Utilities.Log.info(Log.java:31)
	at Utilities.Log.info(Log.java:31)
	at Utilities.Log.info(Log.java:31)
	at Utilities.Log.info(Log.java:31)
	at Utilities.Log.info(Log.java:31)
	at Utilities.Log.info(Log.java:31)
	at Utilities.Log.info(Log.java:31)
	at Utilities.Log.info(Log.java:31)
	at Utilities.Log.info(Log.java:31)
	at Utilities.Log.info(Log.java:31)
	at Utilities.Log.info(Log.java:31)
	at Utilities.Log.info(Log.java:31)
	at Utilities.Log.info(Log.java:31)
	at Utilities.Log.info(Log.java:31)
	at Utilities.Log.info(Log.java:31)
	at Utilities.Log.info(Log.java:31)
	at Utilities.Log.info(Log.java:31)
	at Utilities.Log.info(Log.java:31)
	at Utilities.Log.info(Log.java:31)
	at Utilities.Log.info(Log.java:31)
	at Utilities.Log.info(Log.java:31)
	at Utilities.Log.info(Log.java:31)
	at Utilities.Log.info(Log.java:31)
	at Utilities.Log.info(Log.java:31)
	at Utilities.Log.info(Log.java:31)
	at Utilities.Log.info(Log.java:31)
	at Utilities.Log.info(Log.java:31)
	at Utilities.Log.info(Log.java:31)
	at Utilities.Log.info(Log.java:31)
	at Utilities.Log.info(Log.java:31)
	at Utilities.Log.info(Log.java:31)
	at Utilities.Log.info(Log.java:31)
	at Utilities.Log.info(Log.java:31)
	at Utilities.Log.info(Log.java:31)
	at Utilities.Log.info(Log.java:31)
	at Utilities.Log.info(Log.java:31)
	at Utilities.Log.info(Log.java:31)
	at Utilities.Log.info(Log.java:31)
	at Utilities.Log.info(Log.java:31)
	at Utilities.Log.info(Log.java:31)
	at Utilities.Log.info(Log.java:31)
	at Utilities.Log.info(Log.java:31)
	at Utilities.Log.info(Log.java:31)
	at Utilities.Log.info(Log.java:31)
	at Utilities.Log.info(Log.java:31)
	at Utilities.Log.info(Log.java:31)
	at Utilities.Log.info(Log.java:31)
	at Utilities.Log.info(Log.java:31)
	at Utilities.Log.info(Log.java:31)
	at Utilities.Log.info(Log.java:31)
	at Utilities.Log.info(Log.java:31)
	at Utilities.Log.info(Log.java:31)
	at Utilities.Log.info(Log.java:31)
	at Utilities.Log.info(Log.java:31)
	at Utilities.Log.info(Log.java:31)
	at Utilities.Log.info(Log.java:31)
	at Utilities.Log.info(Log.java:31)
	at Utilities.Log.info(Log.java:31)
	at Utilities.Log.info(Log.java:31)
	at Utilities.Log.info(Log.java:31)
	at Utilities.Log.info(Log.java:31)
	at Utilities.Log.info(Log.java:31)
	at Utilities.Log.info(Log.java:31)
	at Utilities.Log.info(Log.java:31)
	at Utilities.Log.info(Log.java:31)
	at Utilities.Log.info(Log.java:31)
	at Utilities.Log.info(Log.java:31)
	at Utilities.Log.info(Log.java:31)
	at Utilities.Log.info(Log.java:31)
	at Utilities.Log.info(Log.java:31)
	at Utilities.Log.info(Log.java:31)
	at Utilities.Log.info(Log.java:31)
	at Utilities.Log.info(Log.java:31)
	at Utilities.Log.info(Log.java:31)
	at Utilities.Log.info(Log.java:31)
	at Utilities.Log.info(Log.java:31)
	at Utilities.Log.info(Log.java:31)
	at Utilities.Log.info(Log.java:31)
	at Utilities.Log.info(Log.java:31)
	at Utilities.Log.info(Log.java:31)
	at Utilities.Log.info(Log.java:31)
	at Utilities.Log.info(Log.java:31)
	at Utilities.Log.info(Log.java:31)
	at Utilities.Log.info(Log.java:31)
	at Utilities.Log.info(Log.java:31)
	at Utilities.Log.info(Log.java:31)
	at Utilities.Log.info(Log.java:31)
	at Utilities.Log.info(Log.java:31)
	at Utilities.Log.info(Log.java:31)
	at Utilities.Log.info(Log.java:31)
	at Utilities.Log.info(Log.java:31)
	at Utilities.Log.info(Log.java:31)
	at Utilities.Log.info(Log.java:31)
	at Utilities.Log.info(Log.java:31)
	at Utilities.Log.info(Log.java:31)
	at Utilities.Log.info(Log.java:31)
	at Utilities.Log.info(Log.java:31)
	at Utilities.Log.info(Log.java:31)
	at Utilities.Log.info(Log.java:31)
	at Utilities.Log.info(Log.java:31)
	at Utilities.Log.info(Log.java:31)
	at Utilities.Log.info(Log.java:31)
	at Utilities.Log.info(Log.java:31)
	at Utilities.Log.info(Log.java:31)
	at Utilities.Log.info(Log.java:31)
	at Utilities.Log.info(Log.java:31)
	at Utilities.Log.info(Log.java:31)
	at Utilities.Log.info(Log.java:31)
	at Utilities.Log.info(Log.java:31)
	at Utilities.Log.info(Log.java:31)
	at Utilities.Log.info(Log.java:31)
	at Utilities.Log.info(Log.java:31)
	at Utilities.Log.info(Log.java:31)
	at Utilities.Log.info(Log.java:31)
	at Utilities.Log.info(Log.java:31)
	at Utilities.Log.info(Log.java:31)
	at Utilities.Log.info(Log.java:31)
	at Utilities.Log.info(Log.java:31)
	at Utilities.Log.info(Log.java:31)
	at Utilities.Log.info(Log.java:31)
	at Utilities.Log.info(Log.java:31)
	at Utilities.Log.info(Log.java:31)
	at Utilities.Log.info(Log.java:31)
	at Utilities.Log.info(Log.java:31)
	at Utilities.Log.info(Log.java:31)
	at Utilities.Log.info(Log.java:31)
	at Utilities.Log.info(Log.java:31)
	at Utilities.Log.info(Log.java:31)
	at Utilities.Log.info(Log.java:31)
	at Utilities.Log.info(Log.java:31)
	at Utilities.Log.info(Log.java:31)
	at Utilities.Log.info(Log.java:31)
	at Utilities.Log.info(Log.java:31)
	at Utilities.Log.info(Log.java:31)
	at Utilities.Log.info(Log.java:31)
	at Utilities.Log.info(Log.java:31)
	at Utilities.Log.info(Log.java:31)
	at Utilities.Log.info(Log.java:31)
	at Utilities.Log.info(Log.java:31)
	at Utilities.Log.info(Log.java:31)
	at Utilities.Log.info(Log.java:31)
	at Utilities.Log.info(Log.java:31)
	at Utilities.Log.info(Log.java:31)
	at Utilities.Log.info(Log.java:31)
	at Utilities.Log.info(Log.java:31)
	at Utilities.Log.info(Log.java:31)
	at Utilities.Log.info(Log.java:31)
	at Utilities.Log.info(Log.java:31)
	at Utilities.Log.info(Log.java:31)
	at Utilities.Log.info(Log.java:31)
	at Utilities.Log.info(Log.java:31)
	at Utilities.Log.info(Log.java:31)
	at Utilities.Log.info(Log.java:31)
	at Utilities.Log.info(Log.java:31)
	at Utilities.Log.info(Log.java:31)
	at Utilities.Log.info(Log.java:31)
	at Utilities.Log.info(Log.java:31)
	at Utilities.Log.info(Log.java:31)
	at Utilities.Log.info(Log.java:31)
	at Utilities.Log.info(Log.java:31)
	at Utilities.Log.info(Log.java:31)
	at Utilities.Log.info(Log.java:31)
	at Utilities.Log.info(Log.java:31)
	at Utilities.Log.info(Log.java:31)
	at Utilities.Log.info(Log.java:31)
	at Utilities.Log.info(Log.java:31)
	at Utilities.Log.info(Log.java:31)
	at Utilities.Log.info(Log.java:31)
	at Utilities.Log.info(Log.java:31)
	at Utilities.Log.info(Log.java:31)
	at Utilities.Log.info(Log.java:31)
	at Utilities.Log.info(Log.java:31)
	at Utilities.Log.info(Log.java:31)
	at Utilities.Log.info(Log.java:31)
	at Utilities.Log.info(Log.java:31)
	at Utilities.Log.info(Log.java:31)
	at Utilities.Log.info(Log.java:31)
	at Utilities.Log.info(Log.java:31)
	at Utilities.Log.info(Log.java:31)
	at Utilities.Log.info(Log.java:31)
	at Utilities.Log.info(Log.java:31)
	at Utilities.Log.info(Log.java:31)
	at Utilities.Log.info(Log.java:31)
	at Utilities.Log.info(Log.java:31)
	at Utilities.Log.info(Log.java:31)
	at Utilities.Log.info(Log.java:31)
	at Utilities.Log.info(Log.java:31)
	at Utilities.Log.info(Log.java:31)
	at Utilities.Log.info(Log.java:31)
	at Utilities.Log.info(Log.java:31)
	at Utilities.Log.info(Log.java:31)
	at Utilities.Log.info(Log.java:31)
	at Utilities.Log.info(Log.java:31)
	at Utilities.Log.info(Log.java:31)
	at Utilities.Log.info(Log.java:31)
	at Utilities.Log.info(Log.java:31)
	at Utilities.Log.info(Log.java:31)
	at Utilities.Log.info(Log.java:31)
	at Utilities.Log.info(Log.java:31)
	at Utilities.Log.info(Log.java:31)
	at Utilities.Log.info(Log.java:31)
	at Utilities.Log.info(Log.java:31)
	at Utilities.Log.info(Log.java:31)
	at Utilities.Log.info(Log.java:31)
	at Utilities.Log.info(Log.java:31)
	at Utilities.Log.info(Log.java:31)
	at Utilities.Log.info(Log.java:31)
	at Utilities.Log.info(Log.java:31)
	at Utilities.Log.info(Log.java:31)
	at Utilities.Log.info(Log.java:31)
	at Utilities.Log.info(Log.java:31)
	at Utilities.Log.info(Log.java:31)
	at Utilities.Log.info(Log.java:31)
	at Utilities.Log.info(Log.java:31)
	at Utilities.Log.info(Log.java:31)
	at Utilities.Log.info(Log.java:31)
	at Utilities.Log.info(Log.java:31)
	at Utilities.Log.info(Log.java:31)
	at Utilities.Log.info(Log.java:31)
	at Utilities.Log.info(Log.java:31)
	at Utilities.Log.info(Log.java:31)
	at Utilities.Log.info(Log.java:31)
	at Utilities.Log.info(Log.java:31)
	at Utilities.Log.info(Log.java:31)
	at Utilities.Log.info(Log.java:31)
	at Utilities.Log.info(Log.java:31)
	at Utilities.Log.info(Log.java:31)
	at Utilities.Log.info(Log.java:31)
	at Utilities.Log.info(Log.java:31)
	at Utilities.Log.info(Log.java:31)
	at Utilities.Log.info(Log.java:31)
	at Utilities.Log.info(Log.java:31)
	at Utilities.Log.info(Log.java:31)
	at Utilities.Log.info(Log.java:31)
	at Utilities.Log.info(Log.java:31)
	at Utilities.Log.info(Log.java:31)
	at Utilities.Log.info(Log.java:31)
	at Utilities.Log.info(Log.java:31)
	at Utilities.Log.info(Log.java:31)
	at Utilities.Log.info(Log.java:31)
	at Utilities.Log.info(Log.java:31)
	at Utilities.Log.info(Log.java:31)
	at Utilities.Log.info(Log.java:31)
	at Utilities.Log.info(Log.java:31)
	at Utilities.Log.info(Log.java:31)
	at Utilities.Log.info(Log.java:31)
	at Utilities.Log.info(Log.java:31)
	at Utilities.Log.info(Log.java:31)
	at Utilities.Log.info(Log.java:31)
	at Utilities.Log.info(Log.java:31)
	at Utilities.Log.info(Log.java:31)
	at Utilities.Log.info(Log.java:31)
	at Utilities.Log.info(Log.java:31)
	at Utilities.Log.info(Log.java:31)
	at Utilities.Log.info(Log.java:31)
	at Utilities.Log.info(Log.java:31)
	at Utilities.Log.info(Log.java:31)
	at Utilities.Log.info(Log.java:31)
	at Utilities.Log.info(Log.java:31)
	at Utilities.Log.info(Log.java:31)
	at Utilities.Log.info(Log.java:31)
	at Utilities.Log.info(Log.java:31)
	at Utilities.Log.info(Log.java:31)
	at Utilities.Log.info(Log.java:31)
	at Utilities.Log.info(Log.java:31)
	at Utilities.Log.info(Log.java:31)
	at Utilities.Log.info(Log.java:31)
	at Utilities.Log.info(Log.java:31)
	at Utilities.Log.info(Log.java:31)
	at Utilities.Log.info(Log.java:31)
	at Utilities.Log.info(Log.java:31)
	at Utilities.Log.info(Log.java:31)
	at Utilities.Log.info(Log.java:31)
	at Utilities.Log.info(Log.java:31)
	at Utilities.Log.info(Log.java:31)
	at Utilities.Log.info(Log.java:31)
	at Utilities.Log.info(Log.java:31)
	at Utilities.Log.info(Log.java:31)
	at Utilities.Log.info(Log.java:31)
	at Utilities.Log.info(Log.java:31)
	at Utilities.Log.info(Log.java:31)
	at Utilities.Log.info(Log.java:31)
	at Utilities.Log.info(Log.java:31)
	at Utilities.Log.info(Log.java:31)
	at Utilities.Log.info(Log.java:31)
	at Utilities.Log.info(Log.java:31)
	at Utilities.Log.info(Log.java:31)
	at Utilities.Log.info(Log.java:31)
	at Utilities.Log.info(Log.java:31)
	at Utilities.Log.info(Log.java:31)
	at Utilities.Log.info(Log.java:31)
	at Utilities.Log.info(Log.java:31)
	at Utilities.Log.info(Log.java:31)
	at Utilities.Log.info(Log.java:31)
	at Utilities.Log.info(Log.java:31)
	at Utilities.Log.info(Log.java:31)
	at Utilities.Log.info(Log.java:31)
	at Utilities.Log.info(Log.java:31)
	at Utilities.Log.info(Log.java:31)
	at Utilities.Log.info(Log.java:31)
	at Utilities.Log.info(Log.java:31)
	at Utilities.Log.info(Log.java:31)
	at Utilities.Log.info(Log.java:31)
	at Utilities.Log.info(Log.java:31)
	at Utilities.Log.info(Log.java:31)
	at Utilities.Log.info(Log.java:31)
	at Utilities.Log.info(Log.java:31)
	at Utilities.Log.info(Log.java:31)
	at Utilities.Log.info(Log.java:31)
	at Utilities.Log.info(Log.java:31)
	at Utilities.Log.info(Log.java:31)
	at Utilities.Log.info(Log.java:31)
	at Utilities.Log.info(Log.java:31)
	at Utilities.Log.info(Log.java:31)
	at Utilities.Log.info(Log.java:31)
	at Utilities.Log.info(Log.java:31)
	at Utilities.Log.info(Log.java:31)
	at Utilities.Log.info(Log.java:31)
	at Utilities.Log.info(Log.java:31)
	at Utilities.Log.info(Log.java:31)
	at Utilities.Log.info(Log.java:31)
	at Utilities.Log.info(Log.java:31)
	at Utilities.Log.info(Log.java:31)
	at Utilities.Log.info(Log.java:31)
	at Utilities.Log.info(Log.java:31)
	at Utilities.Log.info(Log.java:31)
	at Utilities.Log.info(Log.java:31)
	at Utilities.Log.info(Log.java:31)
	at Utilities.Log.info(Log.java:31)
	at Utilities.Log.info(Log.java:31)
	at Utilities.Log.info(Log.java:31)
	at Utilities.Log.info(Log.java:31)
	at Utilities.Log.info(Log.java:31)
	at Utilities.Log.info(Log.java:31)
	at Utilities.Log.info(Log.java:31)
	at Utilities.Log.info(Log.java:31)
	at Utilities.Log.info(Log.java:31)
	at Utilities.Log.info(Log.java:31)
	at Utilities.Log.info(Log.java:31)
	at Utilities.Log.info(Log.java:31)
	at Utilities.Log.info(Log.java:31)
	at Utilities.Log.info(Log.java:31)
	at Utilities.Log.info(Log.java:31)
	at Utilities.Log.info(Log.java:31)
	at Utilities.Log.info(Log.java:31)
	at Utilities.Log.info(Log.java:31)
	at Utilities.Log.info(Log.java:31)
	at Utilities.Log.info(Log.java:31)
	at Utilities.Log.info(Log.java:31)
	at Utilities.Log.info(Log.java:31)
	at Utilities.Log.info(Log.java:31)
	at Utilities.Log.info(Log.java:31)
	at Utilities.Log.info(Log.java:31)
	at Utilities.Log.info(Log.java:31)
	at Utilities.Log.info(Log.java:31)
	at Utilities.Log.info(Log.java:31)
	at Utilities.Log.info(Log.java:31)
	at Utilities.Log.info(Log.java:31)
	at Utilities.Log.info(Log.java:31)
	at Utilities.Log.info(Log.java:31)
	at Utilities.Log.info(Log.java:31)
	at Utilities.Log.info(Log.java:31)
	at Utilities.Log.info(Log.java:31)
	at Utilities.Log.info(Log.java:31)
	at Utilities.Log.info(Log.java:31)
	at Utilities.Log.info(Log.java:31)
	at Utilities.Log.info(Log.java:31)
	at Utilities.Log.info(Log.java:31)
	at Utilities.Log.info(Log.java:31)
	at Utilities.Log.info(Log.java:31)
	at Utilities.Log.info(Log.java:31)
	at Utilities.Log.info(Log.java:31)
	at Utilities.Log.info(Log.java:31)
	at Utilities.Log.info(Log.java:31)
	at Utilities.Log.info(Log.java:31)
	at Utilities.Log.info(Log.java:31)
	at Utilities.Log.info(Log.java:31)
	at Utilities.Log.info(Log.java:31)
	at Utilities.Log.info(Log.java:31)
	at Utilities.Log.info(Log.java:31)
	at Utilities.Log.info(Log.java:31)
	at Utilities.Log.info(Log.java:31)
	at Utilities.Log.info(Log.java:31)
	at Utilities.Log.info(Log.java:31)
	at Utilities.Log.info(Log.java:31)
	at Utilities.Log.info(Log.java:31)
	at Utilities.Log.info(Log.java:31)
	at Utilities.Log.info(Log.java:31)
	at Utilities.Log.info(Log.java:31)
	at Utilities.Log.info(Log.java:31)
	at Utilities.Log.info(Log.java:31)
	at Utilities.Log.info(Log.java:31)
	at Utilities.Log.info(Log.java:31)
	at Utilities.Log.info(Log.java:31)
	at Utilities.Log.info(Log.java:31)
	at Utilities.Log.info(Log.java:31)
	at Utilities.Log.info(Log.java:31)
	at Utilities.Log.info(Log.java:31)
	at Utilities.Log.info(Log.java:31)
	at Utilities.Log.info(Log.java:31)
	at Utilities.Log.info(Log.java:31)
	at Utilities.Log.info(Log.java:31)
	at Utilities.Log.info(Log.java:31)
	at Utilities.Log.info(Log.java:31)
	at Utilities.Log.info(Log.java:31)
	at Utilities.Log.info(Log.java:31)
	at Utilities.Log.info(Log.java:31)
	at Utilities.Log.info(Log.java:31)
	at Utilities.Log.info(Log.java:31)
	at Utilities.Log.info(Log.java:31)
	at Utilities.Log.info(Log.java:31)
	at Utilities.Log.info(Log.java:31)
	at Utilities.Log.info(Log.java:31)
	at Utilities.Log.info(Log.java:31)
	at Utilities.Log.info(Log.java:31)
	at Utilities.Log.info(Log.java:31)
	at Utilities.Log.info(Log.java:31)
	at Utilities.Log.info(Log.java:31)
	at Utilities.Log.info(Log.java:31)
	at Utilities.Log.info(Log.java:31)
	at Utilities.Log.info(Log.java:31)
	at Utilities.Log.info(Log.java:31)
	at Utilities.Log.info(Log.java:31)
	at Utilities.Log.info(Log.java:31)
	at Utilities.Log.info(Log.java:31)
	at Utilities.Log.info(Log.java:31)
	at Utilities.Log.info(Log.java:31)
	at Utilities.Log.info(Log.java:31)
	at Utilities.Log.info(Log.java:31)
	at Utilities.Log.info(Log.java:31)
	at Utilities.Log.info(Log.java:31)
	at Utilities.Log.info(Log.java:31)
	at Utilities.Log.info(Log.java:31)
	at Utilities.Log.info(Log.java:31)
	at Utilities.Log.info(Log.java:31)
	at Utilities.Log.info(Log.java:31)
	at Utilities.Log.info(Log.java:31)
	at Utilities.Log.info(Log.java:31)
	at Utilities.Log.info(Log.java:31)
	at Utilities.Log.info(Log.java:31)
	at Utilities.Log.info(Log.java:31)
	at Utilities.Log.info(Log.java:31)
	at Utilities.Log.info(Log.java:31)
	at Utilities.Log.info(Log.java:31)
	at Utilities.Log.info(Log.java:31)
	at Utilities.Log.info(Log.java:31)
	at Utilities.Log.info(Log.java:31)
	at Utilities.Log.info(Log.java:31)
	at Utilities.Log.info(Log.java:31)
	at Utilities.Log.info(Log.java:31)
	at Utilities.Log.info(Log.java:31)
	at Utilities.Log.info(Log.java:31)
	at Utilities.Log.info(Log.java:31)
	at Utilities.Log.info(Log.java:31)
	at Utilities.Log.info(Log.java:31)
	at Utilities.Log.info(Log.java:31)
	at Utilities.Log.info(Log.java:31)
	at Utilities.Log.info(Log.java:31)
	at Utilities.Log.info(Log.java:31)
	at Utilities.Log.info(Log.java:31)
	at Utilities.Log.info(Log.java:31)
	at Utilities.Log.info(Log.java:31)
	at Utilities.Log.info(Log.java:31)
	at Utilities.Log.info(Log.java:31)
	at Utilities.Log.info(Log.java:31)
	at Utilities.Log.info(Log.java:31)
	at Utilities.Log.info(Log.java:31)
	at Utilities.Log.info(Log.java:31)
	at Utilities.Log.info(Log.java:31)
	at Utilities.Log.info(Log.java:31)
	at Utilities.Log.info(Log.java:31)
	at Utilities.Log.info(Log.java:31)
	at Utilities.Log.info(Log.java:31)
	at Utilities.Log.info(Log.java:31)
	at Utilities.Log.info(Log.java:31)
	at Utilities.Log.info(Log.java:31)
	at Utilities.Log.info(Log.java:31)
	at Utilities.Log.info(Log.java:31)
	at Utilities.Log.info(Log.java:31)
	at Utilities.Log.info(Log.java:31)
	at Utilities.Log.info(Log.java:31)
	at Utilities.Log.info(Log.java:31)
	at Utilities.Log.info(Log.java:31)
	at Utilities.Log.info(Log.java:31)
	at Utilities.Log.info(Log.java:31)
	at Utilities.Log.info(Log.java:31)
	at Utilities.Log.info(Log.java:31)
	at Utilities.Log.info(Log.java:31)
	at Utilities.Log.info(Log.java:31)
	at Utilities.Log.info(Log.java:31)
	at Utilities.Log.info(Log.java:31)
	at Utilities.Log.info(Log.java:31)
	at Utilities.Log.info(Log.java:31)
	at Utilities.Log.info(Log.java:31)
	at Utilities.Log.info(Log.java:31)
	at Utilities.Log.info(Log.java:31)
	at Utilities.Log.info(Log.java:31)
	at Utilities.Log.info(Log.java:31)
	at Utilities.Log.info(Log.java:31)
	at Utilities.Log.info(Log.java:31)
	at Utilities.Log.info(Log.java:31)
	at Utilities.Log.info(Log.java:31)
	at Utilities.Log.info(Log.java:31)
	at Utilities.Log.info(Log.java:31)
	at Utilities.Log.info(Log.java:31)
	at Utilities.Log.info(Log.java:31)
	at Utilities.Log.info(Log.java:31)
	at Utilities.Log.info(Log.java:31)
	at Utilities.Log.info(Log.java:31)
	at Utilities.Log.info(Log.java:31)
	at Utilities.Log.info(Log.java:31)
	at Utilities.Log.info(Log.java:31)
	at Utilities.Log.info(Log.java:31)
	at Utilities.Log.info(Log.java:31)
	at Utilities.Log.info(Log.java:31)
	at Utilities.Log.info(Log.java:31)
	at Utilities.Log.info(Log.java:31)
	at Utilities.Log.info(Log.java:31)
	at Utilities.Log.info(Log.java:31)
	at Utilities.Log.info(Log.java:31)
	at Utilities.Log.info(Log.java:31)
	at Utilities.Log.info(Log.java:31)
	at Utilities.Log.info(Log.java:31)
	at Utilities.Log.info(Log.java:31)
	at Utilities.Log.info(Log.java:31)
	at Utilities.Log.info(Log.java:31)
	at Utilities.Log.info(Log.java:31)
	at Utilities.Log.info(Log.java:31)
	at Utilities.Log.info(Log.java:31)
	at Utilities.Log.info(Log.java:31)
	at Utilities.Log.info(Log.java:31)
	at Utilities.Log.info(Log.java:31)
	at Utilities.Log.info(Log.java:31)
	at Utilities.Log.info(Log.java:31)
	at Utilities.Log.info(Log.java:31)
	at Utilities.Log.info(Log.java:31)
	at Utilities.Log.info(Log.java:31)
	at Utilities.Log.info(Log.java:31)
	at Utilities.Log.info(Log.java:31)
	at Utilities.Log.info(Log.java:31)
	at Utilities.Log.info(Log.java:31)
	at Utilities.Log.info(Log.java:31)
	at Utilities.Log.info(Log.java:31)
	at Utilities.Log.info(Log.java:31)
	at Utilities.Log.info(Log.java:31)
	at Utilities.Log.info(Log.java:31)
	at Utilities.Log.info(Log.java:31)
	at Utilities.Log.info(Log.java:31)
	at Utilities.Log.info(Log.java:31)
	at Utilities.Log.info(Log.java:31)
	at Utilities.Log.info(Log.java:31)
	at Utilities.Log.info(Log.java:31)
	at Utilities.Log.info(Log.java:31)
	at Utilities.Log.info(Log.java:31)
	at Utilities.Log.info(Log.java:31)
	at Utilities.Log.info(Log.java:31)
	at Utilities.Log.info(Log.java:31)
	at Utilities.Log.info(Log.java:31)
	at Utilities.Log.info(Log.java:31)
	at Utilities.Log.info(Log.java:31)
	at Utilities.Log.info(Log.java:31)
	at Utilities.Log.info(Log.java:31)
	at Utilities.Log.info(Log.java:31)
	at Utilities.Log.info(Log.java:31)
	at Utilities.Log.info(Log.java:31)
	at Utilities.Log.info(Log.java:31)
	at Utilities.Log.info(Log.java:31)
	at Utilities.Log.info(Log.java:31)
	at Utilities.Log.info(Log.java:31)
	at Utilities.Log.info(Log.java:31)
	at Utilities.Log.info(Log.java:31)
	at Utilities.Log.info(Log.java:31)
	at Utilities.Log.info(Log.java:31)
	at Utilities.Log.info(Log.java:31)
	at Utilities.Log.info(Log.java:31)
	at Utilities.Log.info(Log.java:31)
	at Utilities.Log.info(Log.java:31)
	at Utilities.Log.info(Log.java:31)
	at Utilities.Log.info(Log.java:31)
	at Utilities.Log.info(Log.java:31)
	at Utilities.Log.info(Log.java:31)
	at Utilities.Log.info(Log.java:31)
	at Utilities.Log.info(Log.java:31)
	at Utilities.Log.info(Log.java:31)
	at Utilities.Log.info(Log.java:31)
	at Utilities.Log.info(Log.java:31)
	at Utilities.Log.info(Log.java:31)
	at Utilities.Log.info(Log.java:31)
	at Utilities.Log.info(Log.java:31)
	at Utilities.Log.info(Log.java:31)
	at Utilities.Log.info(Log.java:31)
	at Utilities.Log.info(Log.java:31)
	at Utilities.Log.info(Log.java:31)
	at Utilities.Log.info(Log.java:31)
	at Utilities.Log.info(Log.java:31)
	at Utilities.Log.info(Log.java:31)
	at Utilities.Log.info(Log.java:31)
	at Utilities.Log.info(Log.java:31)
	at Utilities.Log.info(Log.java:31)
	at Utilities.Log.info(Log.java:31)
	at Utilities.Log.info(Log.java:31)
	at Utilities.Log.info(Log.java:31)
	at Utilities.Log.info(Log.java:31)
	at Utilities.Log.info(Log.java:31)
	at Utilities.Log.info(Log.java:31)
	at Utilities.Log.info(Log.java:31)
	at Utilities.Log.info(Log.java:31)
	at Utilities.Log.info(Log.java:31)
	at Utilities.Log.info(Log.java:31)
	at Utilities.Log.info(Log.java:31)
	at Utilities.Log.info(Log.java:31)
	at Utilities.Log.info(Log.java:31)
	at Utilities.Log.info(Log.java:31)
	at Utilities.Log.info(Log.java:31)
	at Utilities.Log.info(Log.java:31)
	at Utilities.Log.info(Log.java:31)
	at Utilities.Log.info(Log.java:31)
	at Utilities.Log.info(Log.java:31)
	at Utilities.Log.info(Log.java:31)
	at Utilities.Log.info(Log.java:31)
	at Utilities.Log.info(Log.java:31)
	at Utilities.Log.info(Log.java:31)
	at Utilities.Log.info(Log.java:31)
	at Utilities.Log.info(Log.java:31)
	at Utilities.Log.info(Log.java:31)
	at Utilities.Log.info(Log.java:31)
	at Utilities.Log.info(Log.java:31)
	at Utilities.Log.info(Log.java:31)
	at Utilities.Log.info(Log.java:31)
	at Utilities.Log.info(Log.java:31)
	at Utilities.Log.info(Log.java:31)
	at Utilities.Log.info(Log.java:31)
	at Utilities.Log.info(Log.java:31)
	at Utilities.Log.info(Log.java:31)
	at Utilities.Log.info(Log.java:31)
	at Utilities.Log.info(Log.java:31)
	at Utilities.Log.info(Log.java:31)
	at Utilities.Log.info(Log.java:31)
	at Utilities.Log.info(Log.java:31)
	at Utilities.Log.info(Log.java:31)
	at Utilities.Log.info(Log.java:31)
	at Utilities.Log.info(Log.java:31)
	at Utilities.Log.info(Log.java:31)
	at Utilities.Log.info(Log.java:31)
]]>
    </failure>
  </testcase> <!-- handleCookiesPopUp -->
  <testcase classname="tests.TestCases" name="validateHomePages" time="0.044">
    <failure type="java.lang.StackOverflowError">
      <![CDATA[java.lang.StackOverflowError
	at Utilities.Log.info(Log.java:31)
	at Utilities.Log.info(Log.java:31)
	at Utilities.Log.info(Log.java:31)
	at Utilities.Log.info(Log.java:31)
	at Utilities.Log.info(Log.java:31)
	at Utilities.Log.info(Log.java:31)
	at Utilities.Log.info(Log.java:31)
	at Utilities.Log.info(Log.java:31)
	at Utilities.Log.info(Log.java:31)
	at Utilities.Log.info(Log.java:31)
	at Utilities.Log.info(Log.java:31)
	at Utilities.Log.info(Log.java:31)
	at Utilities.Log.info(Log.java:31)
	at Utilities.Log.info(Log.java:31)
	at Utilities.Log.info(Log.java:31)
	at Utilities.Log.info(Log.java:31)
	at Utilities.Log.info(Log.java:31)
	at Utilities.Log.info(Log.java:31)
	at Utilities.Log.info(Log.java:31)
	at Utilities.Log.info(Log.java:31)
	at Utilities.Log.info(Log.java:31)
	at Utilities.Log.info(Log.java:31)
	at Utilities.Log.info(Log.java:31)
	at Utilities.Log.info(Log.java:31)
	at Utilities.Log.info(Log.java:31)
	at Utilities.Log.info(Log.java:31)
	at Utilities.Log.info(Log.java:31)
	at Utilities.Log.info(Log.java:31)
	at Utilities.Log.info(Log.java:31)
	at Utilities.Log.info(Log.java:31)
	at Utilities.Log.info(Log.java:31)
	at Utilities.Log.info(Log.java:31)
	at Utilities.Log.info(Log.java:31)
	at Utilities.Log.info(Log.java:31)
	at Utilities.Log.info(Log.java:31)
	at Utilities.Log.info(Log.java:31)
	at Utilities.Log.info(Log.java:31)
	at Utilities.Log.info(Log.java:31)
	at Utilities.Log.info(Log.java:31)
	at Utilities.Log.info(Log.java:31)
	at Utilities.Log.info(Log.java:31)
	at Utilities.Log.info(Log.java:31)
	at Utilities.Log.info(Log.java:31)
	at Utilities.Log.info(Log.java:31)
	at Utilities.Log.info(Log.java:31)
	at Utilities.Log.info(Log.java:31)
	at Utilities.Log.info(Log.java:31)
	at Utilities.Log.info(Log.java:31)
	at Utilities.Log.info(Log.java:31)
	at Utilities.Log.info(Log.java:31)
	at Utilities.Log.info(Log.java:31)
	at Utilities.Log.info(Log.java:31)
	at Utilities.Log.info(Log.java:31)
	at Utilities.Log.info(Log.java:31)
	at Utilities.Log.info(Log.java:31)
	at Utilities.Log.info(Log.java:31)
	at Utilities.Log.info(Log.java:31)
	at Utilities.Log.info(Log.java:31)
	at Utilities.Log.info(Log.java:31)
	at Utilities.Log.info(Log.java:31)
	at Utilities.Log.info(Log.java:31)
	at Utilities.Log.info(Log.java:31)
	at Utilities.Log.info(Log.java:31)
	at Utilities.Log.info(Log.java:31)
	at Utilities.Log.info(Log.java:31)
	at Utilities.Log.info(Log.java:31)
	at Utilities.Log.info(Log.java:31)
	at Utilities.Log.info(Log.java:31)
	at Utilities.Log.info(Log.java:31)
	at Utilities.Log.info(Log.java:31)
	at Utilities.Log.info(Log.java:31)
	at Utilities.Log.info(Log.java:31)
	at Utilities.Log.info(Log.java:31)
	at Utilities.Log.info(Log.java:31)
	at Utilities.Log.info(Log.java:31)
	at Utilities.Log.info(Log.java:31)
	at Utilities.Log.info(Log.java:31)
	at Utilities.Log.info(Log.java:31)
	at Utilities.Log.info(Log.java:31)
	at Utilities.Log.info(Log.java:31)
	at Utilities.Log.info(Log.java:31)
	at Utilities.Log.info(Log.java:31)
	at Utilities.Log.info(Log.java:31)
	at Utilities.Log.info(Log.java:31)
	at Utilities.Log.info(Log.java:31)
	at Utilities.Log.info(Log.java:31)
	at Utilities.Log.info(Log.java:31)
	at Utilities.Log.info(Log.java:31)
	at Utilities.Log.info(Log.java:31)
	at Utilities.Log.info(Log.java:31)
	at Utilities.Log.info(Log.java:31)
	at Utilities.Log.info(Log.java:31)
	at Utilities.Log.info(Log.java:31)
	at Utilities.Log.info(Log.java:31)
	at Utilities.Log.info(Log.java:31)
	at Utilities.Log.info(Log.java:31)
	at Utilities.Log.info(Log.java:31)
	at Utilities.Log.info(Log.java:31)
	at Utilities.Log.info(Log.java:31)
	at Utilities.Log.info(Log.java:31)
	at Utilities.Log.info(Log.java:31)
	at Utilities.Log.info(Log.java:31)
	at Utilities.Log.info(Log.java:31)
	at Utilities.Log.info(Log.java:31)
	at Utilities.Log.info(Log.java:31)
	at Utilities.Log.info(Log.java:31)
	at Utilities.Log.info(Log.java:31)
	at Utilities.Log.info(Log.java:31)
	at Utilities.Log.info(Log.java:31)
	at Utilities.Log.info(Log.java:31)
	at Utilities.Log.info(Log.java:31)
	at Utilities.Log.info(Log.java:31)
	at Utilities.Log.info(Log.java:31)
	at Utilities.Log.info(Log.java:31)
	at Utilities.Log.info(Log.java:31)
	at Utilities.Log.info(Log.java:31)
	at Utilities.Log.info(Log.java:31)
	at Utilities.Log.info(Log.java:31)
	at Utilities.Log.info(Log.java:31)
	at Utilities.Log.info(Log.java:31)
	at Utilities.Log.info(Log.java:31)
	at Utilities.Log.info(Log.java:31)
	at Utilities.Log.info(Log.java:31)
	at Utilities.Log.info(Log.java:31)
	at Utilities.Log.info(Log.java:31)
	at Utilities.Log.info(Log.java:31)
	at Utilities.Log.info(Log.java:31)
	at Utilities.Log.info(Log.java:31)
	at Utilities.Log.info(Log.java:31)
	at Utilities.Log.info(Log.java:31)
	at Utilities.Log.info(Log.java:31)
	at Utilities.Log.info(Log.java:31)
	at Utilities.Log.info(Log.java:31)
	at Utilities.Log.info(Log.java:31)
	at Utilities.Log.info(Log.java:31)
	at Utilities.Log.info(Log.java:31)
	at Utilities.Log.info(Log.java:31)
	at Utilities.Log.info(Log.java:31)
	at Utilities.Log.info(Log.java:31)
	at Utilities.Log.info(Log.java:31)
	at Utilities.Log.info(Log.java:31)
	at Utilities.Log.info(Log.java:31)
	at Utilities.Log.info(Log.java:31)
	at Utilities.Log.info(Log.java:31)
	at Utilities.Log.info(Log.java:31)
	at Utilities.Log.info(Log.java:31)
	at Utilities.Log.info(Log.java:31)
	at Utilities.Log.info(Log.java:31)
	at Utilities.Log.info(Log.java:31)
	at Utilities.Log.info(Log.java:31)
	at Utilities.Log.info(Log.java:31)
	at Utilities.Log.info(Log.java:31)
	at Utilities.Log.info(Log.java:31)
	at Utilities.Log.info(Log.java:31)
	at Utilities.Log.info(Log.java:31)
	at Utilities.Log.info(Log.java:31)
	at Utilities.Log.info(Log.java:31)
	at Utilities.Log.info(Log.java:31)
	at Utilities.Log.info(Log.java:31)
	at Utilities.Log.info(Log.java:31)
	at Utilities.Log.info(Log.java:31)
	at Utilities.Log.info(Log.java:31)
	at Utilities.Log.info(Log.java:31)
	at Utilities.Log.info(Log.java:31)
	at Utilities.Log.info(Log.java:31)
	at Utilities.Log.info(Log.java:31)
	at Utilities.Log.info(Log.java:31)
	at Utilities.Log.info(Log.java:31)
	at Utilities.Log.info(Log.java:31)
	at Utilities.Log.info(Log.java:31)
	at Utilities.Log.info(Log.java:31)
	at Utilities.Log.info(Log.java:31)
	at Utilities.Log.info(Log.java:31)
	at Utilities.Log.info(Log.java:31)
	at Utilities.Log.info(Log.java:31)
	at Utilities.Log.info(Log.java:31)
	at Utilities.Log.info(Log.java:31)
	at Utilities.Log.info(Log.java:31)
	at Utilities.Log.info(Log.java:31)
	at Utilities.Log.info(Log.java:31)
	at Utilities.Log.info(Log.java:31)
	at Utilities.Log.info(Log.java:31)
	at Utilities.Log.info(Log.java:31)
	at Utilities.Log.info(Log.java:31)
	at Utilities.Log.info(Log.java:31)
	at Utilities.Log.info(Log.java:31)
	at Utilities.Log.info(Log.java:31)
	at Utilities.Log.info(Log.java:31)
	at Utilities.Log.info(Log.java:31)
	at Utilities.Log.info(Log.java:31)
	at Utilities.Log.info(Log.java:31)
	at Utilities.Log.info(Log.java:31)
	at Utilities.Log.info(Log.java:31)
	at Utilities.Log.info(Log.java:31)
	at Utilities.Log.info(Log.java:31)
	at Utilities.Log.info(Log.java:31)
	at Utilities.Log.info(Log.java:31)
	at Utilities.Log.info(Log.java:31)
	at Utilities.Log.info(Log.java:31)
	at Utilities.Log.info(Log.java:31)
	at Utilities.Log.info(Log.java:31)
	at Utilities.Log.info(Log.java:31)
	at Utilities.Log.info(Log.java:31)
	at Utilities.Log.info(Log.java:31)
	at Utilities.Log.info(Log.java:31)
	at Utilities.Log.info(Log.java:31)
	at Utilities.Log.info(Log.java:31)
	at Utilities.Log.info(Log.java:31)
	at Utilities.Log.info(Log.java:31)
	at Utilities.Log.info(Log.java:31)
	at Utilities.Log.info(Log.java:31)
	at Utilities.Log.info(Log.java:31)
	at Utilities.Log.info(Log.java:31)
	at Utilities.Log.info(Log.java:31)
	at Utilities.Log.info(Log.java:31)
	at Utilities.Log.info(Log.java:31)
	at Utilities.Log.info(Log.java:31)
	at Utilities.Log.info(Log.java:31)
	at Utilities.Log.info(Log.java:31)
	at Utilities.Log.info(Log.java:31)
	at Utilities.Log.info(Log.java:31)
	at Utilities.Log.info(Log.java:31)
	at Utilities.Log.info(Log.java:31)
	at Utilities.Log.info(Log.java:31)
	at Utilities.Log.info(Log.java:31)
	at Utilities.Log.info(Log.java:31)
	at Utilities.Log.info(Log.java:31)
	at Utilities.Log.info(Log.java:31)
	at Utilities.Log.info(Log.java:31)
	at Utilities.Log.info(Log.java:31)
	at Utilities.Log.info(Log.java:31)
	at Utilities.Log.info(Log.java:31)
	at Utilities.Log.info(Log.java:31)
	at Utilities.Log.info(Log.java:31)
	at Utilities.Log.info(Log.java:31)
	at Utilities.Log.info(Log.java:31)
	at Utilities.Log.info(Log.java:31)
	at Utilities.Log.info(Log.java:31)
	at Utilities.Log.info(Log.java:31)
	at Utilities.Log.info(Log.java:31)
	at Utilities.Log.info(Log.java:31)
	at Utilities.Log.info(Log.java:31)
	at Utilities.Log.info(Log.java:31)
	at Utilities.Log.info(Log.java:31)
	at Utilities.Log.info(Log.java:31)
	at Utilities.Log.info(Log.java:31)
	at Utilities.Log.info(Log.java:31)
	at Utilities.Log.info(Log.java:31)
	at Utilities.Log.info(Log.java:31)
	at Utilities.Log.info(Log.java:31)
	at Utilities.Log.info(Log.java:31)
	at Utilities.Log.info(Log.java:31)
	at Utilities.Log.info(Log.java:31)
	at Utilities.Log.info(Log.java:31)
	at Utilities.Log.info(Log.java:31)
	at Utilities.Log.info(Log.java:31)
	at Utilities.Log.info(Log.java:31)
	at Utilities.Log.info(Log.java:31)
	at Utilities.Log.info(Log.java:31)
	at Utilities.Log.info(Log.java:31)
	at Utilities.Log.info(Log.java:31)
	at Utilities.Log.info(Log.java:31)
	at Utilities.Log.info(Log.java:31)
	at Utilities.Log.info(Log.java:31)
	at Utilities.Log.info(Log.java:31)
	at Utilities.Log.info(Log.java:31)
	at Utilities.Log.info(Log.java:31)
	at Utilities.Log.info(Log.java:31)
	at Utilities.Log.info(Log.java:31)
	at Utilities.Log.info(Log.java:31)
	at Utilities.Log.info(Log.java:31)
	at Utilities.Log.info(Log.java:31)
	at Utilities.Log.info(Log.java:31)
	at Utilities.Log.info(Log.java:31)
	at Utilities.Log.info(Log.java:31)
	at Utilities.Log.info(Log.java:31)
	at Utilities.Log.info(Log.java:31)
	at Utilities.Log.info(Log.java:31)
	at Utilities.Log.info(Log.java:31)
	at Utilities.Log.info(Log.java:31)
	at Utilities.Log.info(Log.java:31)
	at Utilities.Log.info(Log.java:31)
	at Utilities.Log.info(Log.java:31)
	at Utilities.Log.info(Log.java:31)
	at Utilities.Log.info(Log.java:31)
	at Utilities.Log.info(Log.java:31)
	at Utilities.Log.info(Log.java:31)
	at Utilities.Log.info(Log.java:31)
	at Utilities.Log.info(Log.java:31)
	at Utilities.Log.info(Log.java:31)
	at Utilities.Log.info(Log.java:31)
	at Utilities.Log.info(Log.java:31)
	at Utilities.Log.info(Log.java:31)
	at Utilities.Log.info(Log.java:31)
	at Utilities.Log.info(Log.java:31)
	at Utilities.Log.info(Log.java:31)
	at Utilities.Log.info(Log.java:31)
	at Utilities.Log.info(Log.java:31)
	at Utilities.Log.info(Log.java:31)
	at Utilities.Log.info(Log.java:31)
	at Utilities.Log.info(Log.java:31)
	at Utilities.Log.info(Log.java:31)
	at Utilities.Log.info(Log.java:31)
	at Utilities.Log.info(Log.java:31)
	at Utilities.Log.info(Log.java:31)
	at Utilities.Log.info(Log.java:31)
	at Utilities.Log.info(Log.java:31)
	at Utilities.Log.info(Log.java:31)
	at Utilities.Log.info(Log.java:31)
	at Utilities.Log.info(Log.java:31)
	at Utilities.Log.info(Log.java:31)
	at Utilities.Log.info(Log.java:31)
	at Utilities.Log.info(Log.java:31)
	at Utilities.Log.info(Log.java:31)
	at Utilities.Log.info(Log.java:31)
	at Utilities.Log.info(Log.java:31)
	at Utilities.Log.info(Log.java:31)
	at Utilities.Log.info(Log.java:31)
	at Utilities.Log.info(Log.java:31)
	at Utilities.Log.info(Log.java:31)
	at Utilities.Log.info(Log.java:31)
	at Utilities.Log.info(Log.java:31)
	at Utilities.Log.info(Log.java:31)
	at Utilities.Log.info(Log.java:31)
	at Utilities.Log.info(Log.java:31)
	at Utilities.Log.info(Log.java:31)
	at Utilities.Log.info(Log.java:31)
	at Utilities.Log.info(Log.java:31)
	at Utilities.Log.info(Log.java:31)
	at Utilities.Log.info(Log.java:31)
	at Utilities.Log.info(Log.java:31)
	at Utilities.Log.info(Log.java:31)
	at Utilities.Log.info(Log.java:31)
	at Utilities.Log.info(Log.java:31)
	at Utilities.Log.info(Log.java:31)
	at Utilities.Log.info(Log.java:31)
	at Utilities.Log.info(Log.java:31)
	at Utilities.Log.info(Log.java:31)
	at Utilities.Log.info(Log.java:31)
	at Utilities.Log.info(Log.java:31)
	at Utilities.Log.info(Log.java:31)
	at Utilities.Log.info(Log.java:31)
	at Utilities.Log.info(Log.java:31)
	at Utilities.Log.info(Log.java:31)
	at Utilities.Log.info(Log.java:31)
	at Utilities.Log.info(Log.java:31)
	at Utilities.Log.info(Log.java:31)
	at Utilities.Log.info(Log.java:31)
	at Utilities.Log.info(Log.java:31)
	at Utilities.Log.info(Log.java:31)
	at Utilities.Log.info(Log.java:31)
	at Utilities.Log.info(Log.java:31)
	at Utilities.Log.info(Log.java:31)
	at Utilities.Log.info(Log.java:31)
	at Utilities.Log.info(Log.java:31)
	at Utilities.Log.info(Log.java:31)
	at Utilities.Log.info(Log.java:31)
	at Utilities.Log.info(Log.java:31)
	at Utilities.Log.info(Log.java:31)
	at Utilities.Log.info(Log.java:31)
	at Utilities.Log.info(Log.java:31)
	at Utilities.Log.info(Log.java:31)
	at Utilities.Log.info(Log.java:31)
	at Utilities.Log.info(Log.java:31)
	at Utilities.Log.info(Log.java:31)
	at Utilities.Log.info(Log.java:31)
	at Utilities.Log.info(Log.java:31)
	at Utilities.Log.info(Log.java:31)
	at Utilities.Log.info(Log.java:31)
	at Utilities.Log.info(Log.java:31)
	at Utilities.Log.info(Log.java:31)
	at Utilities.Log.info(Log.java:31)
	at Utilities.Log.info(Log.java:31)
	at Utilities.Log.info(Log.java:31)
	at Utilities.Log.info(Log.java:31)
	at Utilities.Log.info(Log.java:31)
	at Utilities.Log.info(Log.java:31)
	at Utilities.Log.info(Log.java:31)
	at Utilities.Log.info(Log.java:31)
	at Utilities.Log.info(Log.java:31)
	at Utilities.Log.info(Log.java:31)
	at Utilities.Log.info(Log.java:31)
	at Utilities.Log.info(Log.java:31)
	at Utilities.Log.info(Log.java:31)
	at Utilities.Log.info(Log.java:31)
	at Utilities.Log.info(Log.java:31)
	at Utilities.Log.info(Log.java:31)
	at Utilities.Log.info(Log.java:31)
	at Utilities.Log.info(Log.java:31)
	at Utilities.Log.info(Log.java:31)
	at Utilities.Log.info(Log.java:31)
	at Utilities.Log.info(Log.java:31)
	at Utilities.Log.info(Log.java:31)
	at Utilities.Log.info(Log.java:31)
	at Utilities.Log.info(Log.java:31)
	at Utilities.Log.info(Log.java:31)
	at Utilities.Log.info(Log.java:31)
	at Utilities.Log.info(Log.java:31)
	at Utilities.Log.info(Log.java:31)
	at Utilities.Log.info(Log.java:31)
	at Utilities.Log.info(Log.java:31)
	at Utilities.Log.info(Log.java:31)
	at Utilities.Log.info(Log.java:31)
	at Utilities.Log.info(Log.java:31)
	at Utilities.Log.info(Log.java:31)
	at Utilities.Log.info(Log.java:31)
	at Utilities.Log.info(Log.java:31)
	at Utilities.Log.info(Log.java:31)
	at Utilities.Log.info(Log.java:31)
	at Utilities.Log.info(Log.java:31)
	at Utilities.Log.info(Log.java:31)
	at Utilities.Log.info(Log.java:31)
	at Utilities.Log.info(Log.java:31)
	at Utilities.Log.info(Log.java:31)
	at Utilities.Log.info(Log.java:31)
	at Utilities.Log.info(Log.java:31)
	at Utilities.Log.info(Log.java:31)
	at Utilities.Log.info(Log.java:31)
	at Utilities.Log.info(Log.java:31)
	at Utilities.Log.info(Log.java:31)
	at Utilities.Log.info(Log.java:31)
	at Utilities.Log.info(Log.java:31)
	at Utilities.Log.info(Log.java:31)
	at Utilities.Log.info(Log.java:31)
	at Utilities.Log.info(Log.java:31)
	at Utilities.Log.info(Log.java:31)
	at Utilities.Log.info(Log.java:31)
	at Utilities.Log.info(Log.java:31)
	at Utilities.Log.info(Log.java:31)
	at Utilities.Log.info(Log.java:31)
	at Utilities.Log.info(Log.java:31)
	at Utilities.Log.info(Log.java:31)
	at Utilities.Log.info(Log.java:31)
	at Utilities.Log.info(Log.java:31)
	at Utilities.Log.info(Log.java:31)
	at Utilities.Log.info(Log.java:31)
	at Utilities.Log.info(Log.java:31)
	at Utilities.Log.info(Log.java:31)
	at Utilities.Log.info(Log.java:31)
	at Utilities.Log.info(Log.java:31)
	at Utilities.Log.info(Log.java:31)
	at Utilities.Log.info(Log.java:31)
	at Utilities.Log.info(Log.java:31)
	at Utilities.Log.info(Log.java:31)
	at Utilities.Log.info(Log.java:31)
	at Utilities.Log.info(Log.java:31)
	at Utilities.Log.info(Log.java:31)
	at Utilities.Log.info(Log.java:31)
	at Utilities.Log.info(Log.java:31)
	at Utilities.Log.info(Log.java:31)
	at Utilities.Log.info(Log.java:31)
	at Utilities.Log.info(Log.java:31)
	at Utilities.Log.info(Log.java:31)
	at Utilities.Log.info(Log.java:31)
	at Utilities.Log.info(Log.java:31)
	at Utilities.Log.info(Log.java:31)
	at Utilities.Log.info(Log.java:31)
	at Utilities.Log.info(Log.java:31)
	at Utilities.Log.info(Log.java:31)
	at Utilities.Log.info(Log.java:31)
	at Utilities.Log.info(Log.java:31)
	at Utilities.Log.info(Log.java:31)
	at Utilities.Log.info(Log.java:31)
	at Utilities.Log.info(Log.java:31)
	at Utilities.Log.info(Log.java:31)
	at Utilities.Log.info(Log.java:31)
	at Utilities.Log.info(Log.java:31)
	at Utilities.Log.info(Log.java:31)
	at Utilities.Log.info(Log.java:31)
	at Utilities.Log.info(Log.java:31)
	at Utilities.Log.info(Log.java:31)
	at Utilities.Log.info(Log.java:31)
	at Utilities.Log.info(Log.java:31)
	at Utilities.Log.info(Log.java:31)
	at Utilities.Log.info(Log.java:31)
	at Utilities.Log.info(Log.java:31)
	at Utilities.Log.info(Log.java:31)
	at Utilities.Log.info(Log.java:31)
	at Utilities.Log.info(Log.java:31)
	at Utilities.Log.info(Log.java:31)
	at Utilities.Log.info(Log.java:31)
	at Utilities.Log.info(Log.java:31)
	at Utilities.Log.info(Log.java:31)
	at Utilities.Log.info(Log.java:31)
	at Utilities.Log.info(Log.java:31)
	at Utilities.Log.info(Log.java:31)
	at Utilities.Log.info(Log.java:31)
	at Utilities.Log.info(Log.java:31)
	at Utilities.Log.info(Log.java:31)
	at Utilities.Log.info(Log.java:31)
	at Utilities.Log.info(Log.java:31)
	at Utilities.Log.info(Log.java:31)
	at Utilities.Log.info(Log.java:31)
	at Utilities.Log.info(Log.java:31)
	at Utilities.Log.info(Log.java:31)
	at Utilities.Log.info(Log.java:31)
	at Utilities.Log.info(Log.java:31)
	at Utilities.Log.info(Log.java:31)
	at Utilities.Log.info(Log.java:31)
	at Utilities.Log.info(Log.java:31)
	at Utilities.Log.info(Log.java:31)
	at Utilities.Log.info(Log.java:31)
	at Utilities.Log.info(Log.java:31)
	at Utilities.Log.info(Log.java:31)
	at Utilities.Log.info(Log.java:31)
	at Utilities.Log.info(Log.java:31)
	at Utilities.Log.info(Log.java:31)
	at Utilities.Log.info(Log.java:31)
	at Utilities.Log.info(Log.java:31)
	at Utilities.Log.info(Log.java:31)
	at Utilities.Log.info(Log.java:31)
	at Utilities.Log.info(Log.java:31)
	at Utilities.Log.info(Log.java:31)
	at Utilities.Log.info(Log.java:31)
	at Utilities.Log.info(Log.java:31)
	at Utilities.Log.info(Log.java:31)
	at Utilities.Log.info(Log.java:31)
	at Utilities.Log.info(Log.java:31)
	at Utilities.Log.info(Log.java:31)
	at Utilities.Log.info(Log.java:31)
	at Utilities.Log.info(Log.java:31)
	at Utilities.Log.info(Log.java:31)
	at Utilities.Log.info(Log.java:31)
	at Utilities.Log.info(Log.java:31)
	at Utilities.Log.info(Log.java:31)
	at Utilities.Log.info(Log.java:31)
	at Utilities.Log.info(Log.java:31)
	at Utilities.Log.info(Log.java:31)
	at Utilities.Log.info(Log.java:31)
	at Utilities.Log.info(Log.java:31)
	at Utilities.Log.info(Log.java:31)
	at Utilities.Log.info(Log.java:31)
	at Utilities.Log.info(Log.java:31)
	at Utilities.Log.info(Log.java:31)
	at Utilities.Log.info(Log.java:31)
	at Utilities.Log.info(Log.java:31)
	at Utilities.Log.info(Log.java:31)
	at Utilities.Log.info(Log.java:31)
	at Utilities.Log.info(Log.java:31)
	at Utilities.Log.info(Log.java:31)
	at Utilities.Log.info(Log.java:31)
	at Utilities.Log.info(Log.java:31)
	at Utilities.Log.info(Log.java:31)
	at Utilities.Log.info(Log.java:31)
	at Utilities.Log.info(Log.java:31)
	at Utilities.Log.info(Log.java:31)
	at Utilities.Log.info(Log.java:31)
	at Utilities.Log.info(Log.java:31)
	at Utilities.Log.info(Log.java:31)
	at Utilities.Log.info(Log.java:31)
	at Utilities.Log.info(Log.java:31)
	at Utilities.Log.info(Log.java:31)
	at Utilities.Log.info(Log.java:31)
	at Utilities.Log.info(Log.java:31)
	at Utilities.Log.info(Log.java:31)
	at Utilities.Log.info(Log.java:31)
	at Utilities.Log.info(Log.java:31)
	at Utilities.Log.info(Log.java:31)
	at Utilities.Log.info(Log.java:31)
	at Utilities.Log.info(Log.java:31)
	at Utilities.Log.info(Log.java:31)
	at Utilities.Log.info(Log.java:31)
	at Utilities.Log.info(Log.java:31)
	at Utilities.Log.info(Log.java:31)
	at Utilities.Log.info(Log.java:31)
	at Utilities.Log.info(Log.java:31)
	at Utilities.Log.info(Log.java:31)
	at Utilities.Log.info(Log.java:31)
	at Utilities.Log.info(Log.java:31)
	at Utilities.Log.info(Log.java:31)
	at Utilities.Log.info(Log.java:31)
	at Utilities.Log.info(Log.java:31)
	at Utilities.Log.info(Log.java:31)
	at Utilities.Log.info(Log.java:31)
	at Utilities.Log.info(Log.java:31)
	at Utilities.Log.info(Log.java:31)
	at Utilities.Log.info(Log.java:31)
	at Utilities.Log.info(Log.java:31)
	at Utilities.Log.info(Log.java:31)
	at Utilities.Log.info(Log.java:31)
	at Utilities.Log.info(Log.java:31)
	at Utilities.Log.info(Log.java:31)
	at Utilities.Log.info(Log.java:31)
	at Utilities.Log.info(Log.java:31)
	at Utilities.Log.info(Log.java:31)
	at Utilities.Log.info(Log.java:31)
	at Utilities.Log.info(Log.java:31)
	at Utilities.Log.info(Log.java:31)
	at Utilities.Log.info(Log.java:31)
	at Utilities.Log.info(Log.java:31)
	at Utilities.Log.info(Log.java:31)
	at Utilities.Log.info(Log.java:31)
	at Utilities.Log.info(Log.java:31)
	at Utilities.Log.info(Log.java:31)
	at Utilities.Log.info(Log.java:31)
	at Utilities.Log.info(Log.java:31)
	at Utilities.Log.info(Log.java:31)
	at Utilities.Log.info(Log.java:31)
	at Utilities.Log.info(Log.java:31)
	at Utilities.Log.info(Log.java:31)
	at Utilities.Log.info(Log.java:31)
	at Utilities.Log.info(Log.java:31)
	at Utilities.Log.info(Log.java:31)
	at Utilities.Log.info(Log.java:31)
	at Utilities.Log.info(Log.java:31)
	at Utilities.Log.info(Log.java:31)
	at Utilities.Log.info(Log.java:31)
	at Utilities.Log.info(Log.java:31)
	at Utilities.Log.info(Log.java:31)
	at Utilities.Log.info(Log.java:31)
	at Utilities.Log.info(Log.java:31)
	at Utilities.Log.info(Log.java:31)
	at Utilities.Log.info(Log.java:31)
	at Utilities.Log.info(Log.java:31)
	at Utilities.Log.info(Log.java:31)
	at Utilities.Log.info(Log.java:31)
	at Utilities.Log.info(Log.java:31)
	at Utilities.Log.info(Log.java:31)
	at Utilities.Log.info(Log.java:31)
	at Utilities.Log.info(Log.java:31)
	at Utilities.Log.info(Log.java:31)
	at Utilities.Log.info(Log.java:31)
	at Utilities.Log.info(Log.java:31)
	at Utilities.Log.info(Log.java:31)
	at Utilities.Log.info(Log.java:31)
	at Utilities.Log.info(Log.java:31)
	at Utilities.Log.info(Log.java:31)
	at Utilities.Log.info(Log.java:31)
	at Utilities.Log.info(Log.java:31)
	at Utilities.Log.info(Log.java:31)
	at Utilities.Log.info(Log.java:31)
	at Utilities.Log.info(Log.java:31)
	at Utilities.Log.info(Log.java:31)
	at Utilities.Log.info(Log.java:31)
	at Utilities.Log.info(Log.java:31)
	at Utilities.Log.info(Log.java:31)
	at Utilities.Log.info(Log.java:31)
	at Utilities.Log.info(Log.java:31)
	at Utilities.Log.info(Log.java:31)
	at Utilities.Log.info(Log.java:31)
	at Utilities.Log.info(Log.java:31)
	at Utilities.Log.info(Log.java:31)
	at Utilities.Log.info(Log.java:31)
	at Utilities.Log.info(Log.java:31)
	at Utilities.Log.info(Log.java:31)
	at Utilities.Log.info(Log.java:31)
	at Utilities.Log.info(Log.java:31)
	at Utilities.Log.info(Log.java:31)
	at Utilities.Log.info(Log.java:31)
	at Utilities.Log.info(Log.java:31)
	at Utilities.Log.info(Log.java:31)
	at Utilities.Log.info(Log.java:31)
	at Utilities.Log.info(Log.java:31)
	at Utilities.Log.info(Log.java:31)
	at Utilities.Log.info(Log.java:31)
	at Utilities.Log.info(Log.java:31)
	at Utilities.Log.info(Log.java:31)
	at Utilities.Log.info(Log.java:31)
	at Utilities.Log.info(Log.java:31)
	at Utilities.Log.info(Log.java:31)
	at Utilities.Log.info(Log.java:31)
	at Utilities.Log.info(Log.java:31)
	at Utilities.Log.info(Log.java:31)
	at Utilities.Log.info(Log.java:31)
	at Utilities.Log.info(Log.java:31)
	at Utilities.Log.info(Log.java:31)
	at Utilities.Log.info(Log.java:31)
	at Utilities.Log.info(Log.java:31)
	at Utilities.Log.info(Log.java:31)
	at Utilities.Log.info(Log.java:31)
	at Utilities.Log.info(Log.java:31)
	at Utilities.Log.info(Log.java:31)
	at Utilities.Log.info(Log.java:31)
	at Utilities.Log.info(Log.java:31)
	at Utilities.Log.info(Log.java:31)
	at Utilities.Log.info(Log.java:31)
	at Utilities.Log.info(Log.java:31)
	at Utilities.Log.info(Log.java:31)
	at Utilities.Log.info(Log.java:31)
	at Utilities.Log.info(Log.java:31)
	at Utilities.Log.info(Log.java:31)
	at Utilities.Log.info(Log.java:31)
	at Utilities.Log.info(Log.java:31)
	at Utilities.Log.info(Log.java:31)
	at Utilities.Log.info(Log.java:31)
	at Utilities.Log.info(Log.java:31)
	at Utilities.Log.info(Log.java:31)
	at Utilities.Log.info(Log.java:31)
	at Utilities.Log.info(Log.java:31)
	at Utilities.Log.info(Log.java:31)
	at Utilities.Log.info(Log.java:31)
	at Utilities.Log.info(Log.java:31)
	at Utilities.Log.info(Log.java:31)
	at Utilities.Log.info(Log.java:31)
	at Utilities.Log.info(Log.java:31)
	at Utilities.Log.info(Log.java:31)
	at Utilities.Log.info(Log.java:31)
	at Utilities.Log.info(Log.java:31)
	at Utilities.Log.info(Log.java:31)
	at Utilities.Log.info(Log.java:31)
	at Utilities.Log.info(Log.java:31)
	at Utilities.Log.info(Log.java:31)
	at Utilities.Log.info(Log.java:31)
	at Utilities.Log.info(Log.java:31)
	at Utilities.Log.info(Log.java:31)
	at Utilities.Log.info(Log.java:31)
	at Utilities.Log.info(Log.java:31)
	at Utilities.Log.info(Log.java:31)
	at Utilities.Log.info(Log.java:31)
	at Utilities.Log.info(Log.java:31)
	at Utilities.Log.info(Log.java:31)
	at Utilities.Log.info(Log.java:31)
	at Utilities.Log.info(Log.java:31)
	at Utilities.Log.info(Log.java:31)
	at Utilities.Log.info(Log.java:31)
	at Utilities.Log.info(Log.java:31)
	at Utilities.Log.info(Log.java:31)
	at Utilities.Log.info(Log.java:31)
	at Utilities.Log.info(Log.java:31)
	at Utilities.Log.info(Log.java:31)
	at Utilities.Log.info(Log.java:31)
	at Utilities.Log.info(Log.java:31)
	at Utilities.Log.info(Log.java:31)
	at Utilities.Log.info(Log.java:31)
	at Utilities.Log.info(Log.java:31)
	at Utilities.Log.info(Log.java:31)
	at Utilities.Log.info(Log.java:31)
	at Utilities.Log.info(Log.java:31)
	at Utilities.Log.info(Log.java:31)
	at Utilities.Log.info(Log.java:31)
	at Utilities.Log.info(Log.java:31)
	at Utilities.Log.info(Log.java:31)
	at Utilities.Log.info(Log.java:31)
	at Utilities.Log.info(Log.java:31)
	at Utilities.Log.info(Log.java:31)
	at Utilities.Log.info(Log.java:31)
	at Utilities.Log.info(Log.java:31)
	at Utilities.Log.info(Log.java:31)
	at Utilities.Log.info(Log.java:31)
	at Utilities.Log.info(Log.java:31)
	at Utilities.Log.info(Log.java:31)
	at Utilities.Log.info(Log.java:31)
	at Utilities.Log.info(Log.java:31)
	at Utilities.Log.info(Log.java:31)
	at Utilities.Log.info(Log.java:31)
	at Utilities.Log.info(Log.java:31)
	at Utilities.Log.info(Log.java:31)
	at Utilities.Log.info(Log.java:31)
	at Utilities.Log.info(Log.java:31)
	at Utilities.Log.info(Log.java:31)
	at Utilities.Log.info(Log.java:31)
	at Utilities.Log.info(Log.java:31)
	at Utilities.Log.info(Log.java:31)
	at Utilities.Log.info(Log.java:31)
	at Utilities.Log.info(Log.java:31)
	at Utilities.Log.info(Log.java:31)
	at Utilities.Log.info(Log.java:31)
	at Utilities.Log.info(Log.java:31)
	at Utilities.Log.info(Log.java:31)
	at Utilities.Log.info(Log.java:31)
	at Utilities.Log.info(Log.java:31)
	at Utilities.Log.info(Log.java:31)
	at Utilities.Log.info(Log.java:31)
	at Utilities.Log.info(Log.java:31)
	at Utilities.Log.info(Log.java:31)
	at Utilities.Log.info(Log.java:31)
	at Utilities.Log.info(Log.java:31)
	at Utilities.Log.info(Log.java:31)
	at Utilities.Log.info(Log.java:31)
	at Utilities.Log.info(Log.java:31)
	at Utilities.Log.info(Log.java:31)
	at Utilities.Log.info(Log.java:31)
	at Utilities.Log.info(Log.java:31)
	at Utilities.Log.info(Log.java:31)
	at Utilities.Log.info(Log.java:31)
	at Utilities.Log.info(Log.java:31)
	at Utilities.Log.info(Log.java:31)
	at Utilities.Log.info(Log.java:31)
	at Utilities.Log.info(Log.java:31)
	at Utilities.Log.info(Log.java:31)
	at Utilities.Log.info(Log.java:31)
	at Utilities.Log.info(Log.java:31)
	at Utilities.Log.info(Log.java:31)
	at Utilities.Log.info(Log.java:31)
	at Utilities.Log.info(Log.java:31)
	at Utilities.Log.info(Log.java:31)
	at Utilities.Log.info(Log.java:31)
	at Utilities.Log.info(Log.java:31)
	at Utilities.Log.info(Log.java:31)
	at Utilities.Log.info(Log.java:31)
	at Utilities.Log.info(Log.java:31)
	at Utilities.Log.info(Log.java:31)
	at Utilities.Log.info(Log.java:31)
	at Utilities.Log.info(Log.java:31)
	at Utilities.Log.info(Log.java:31)
	at Utilities.Log.info(Log.java:31)
	at Utilities.Log.info(Log.java:31)
	at Utilities.Log.info(Log.java:31)
	at Utilities.Log.info(Log.java:31)
	at Utilities.Log.info(Log.java:31)
	at Utilities.Log.info(Log.java:31)
	at Utilities.Log.info(Log.java:31)
	at Utilities.Log.info(Log.java:31)
	at Utilities.Log.info(Log.java:31)
	at Utilities.Log.info(Log.java:31)
	at Utilities.Log.info(Log.java:31)
	at Utilities.Log.info(Log.java:31)
	at Utilities.Log.info(Log.java:31)
	at Utilities.Log.info(Log.java:31)
	at Utilities.Log.info(Log.java:31)
	at Utilities.Log.info(Log.java:31)
	at Utilities.Log.info(Log.java:31)
	at Utilities.Log.info(Log.java:31)
	at Utilities.Log.info(Log.java:31)
	at Utilities.Log.info(Log.java:31)
	at Utilities.Log.info(Log.java:31)
	at Utilities.Log.info(Log.java:31)
	at Utilities.Log.info(Log.java:31)
	at Utilities.Log.info(Log.java:31)
	at Utilities.Log.info(Log.java:31)
	at Utilities.Log.info(Log.java:31)
	at Utilities.Log.info(Log.java:31)
	at Utilities.Log.info(Log.java:31)
	at Utilities.Log.info(Log.java:31)
	at Utilities.Log.info(Log.java:31)
	at Utilities.Log.info(Log.java:31)
	at Utilities.Log.info(Log.java:31)
	at Utilities.Log.info(Log.java:31)
	at Utilities.Log.info(Log.java:31)
	at Utilities.Log.info(Log.java:31)
	at Utilities.Log.info(Log.java:31)
	at Utilities.Log.info(Log.java:31)
	at Utilities.Log.info(Log.java:31)
	at Utilities.Log.info(Log.java:31)
	at Utilities.Log.info(Log.java:31)
	at Utilities.Log.info(Log.java:31)
	at Utilities.Log.info(Log.java:31)
	at Utilities.Log.info(Log.java:31)
	at Utilities.Log.info(Log.java:31)
	at Utilities.Log.info(Log.java:31)
	at Utilities.Log.info(Log.java:31)
	at Utilities.Log.info(Log.java:31)
	at Utilities.Log.info(Log.java:31)
	at Utilities.Log.info(Log.java:31)
	at Utilities.Log.info(Log.java:31)
	at Utilities.Log.info(Log.java:31)
	at Utilities.Log.info(Log.java:31)
	at Utilities.Log.info(Log.java:31)
	at Utilities.Log.info(Log.java:31)
	at Utilities.Log.info(Log.java:31)
	at Utilities.Log.info(Log.java:31)
	at Utilities.Log.info(Log.java:31)
	at Utilities.Log.info(Log.java:31)
	at Utilities.Log.info(Log.java:31)
	at Utilities.Log.info(Log.java:31)
	at Utilities.Log.info(Log.java:31)
	at Utilities.Log.info(Log.java:31)
	at Utilities.Log.info(Log.java:31)
	at Utilities.Log.info(Log.java:31)
	at Utilities.Log.info(Log.java:31)
	at Utilities.Log.info(Log.java:31)
	at Utilities.Log.info(Log.java:31)
	at Utilities.Log.info(Log.java:31)
	at Utilities.Log.info(Log.java:31)
	at Utilities.Log.info(Log.java:31)
	at Utilities.Log.info(Log.java:31)
	at Utilities.Log.info(Log.java:31)
	at Utilities.Log.info(Log.java:31)
	at Utilities.Log.info(Log.java:31)
	at Utilities.Log.info(Log.java:31)
	at Utilities.Log.info(Log.java:31)
	at Utilities.Log.info(Log.java:31)
	at Utilities.Log.info(Log.java:31)
	at Utilities.Log.info(Log.java:31)
	at Utilities.Log.info(Log.java:31)
	at Utilities.Log.info(Log.java:31)
	at Utilities.Log.info(Log.java:31)
	at Utilities.Log.info(Log.java:31)
	at Utilities.Log.info(Log.java:31)
	at Utilities.Log.info(Log.java:31)
	at Utilities.Log.info(Log.java:31)
	at Utilities.Log.info(Log.java:31)
	at Utilities.Log.info(Log.java:31)
	at Utilities.Log.info(Log.java:31)
	at Utilities.Log.info(Log.java:31)
	at Utilities.Log.info(Log.java:31)
	at Utilities.Log.info(Log.java:31)
	at Utilities.Log.info(Log.java:31)
	at Utilities.Log.info(Log.java:31)
	at Utilities.Log.info(Log.java:31)
	at Utilities.Log.info(Log.java:31)
	at Utilities.Log.info(Log.java:31)
	at Utilities.Log.info(Log.java:31)
	at Utilities.Log.info(Log.java:31)
	at Utilities.Log.info(Log.java:31)
	at Utilities.Log.info(Log.java:31)
	at Utilities.Log.info(Log.java:31)
	at Utilities.Log.info(Log.java:31)
	at Utilities.Log.info(Log.java:31)
	at Utilities.Log.info(Log.java:31)
	at Utilities.Log.info(Log.java:31)
	at Utilities.Log.info(Log.java:31)
	at Utilities.Log.info(Log.java:31)
	at Utilities.Log.info(Log.java:31)
	at Utilities.Log.info(Log.java:31)
	at Utilities.Log.info(Log.java:31)
	at Utilities.Log.info(Log.java:31)
	at Utilities.Log.info(Log.java:31)
	at Utilities.Log.info(Log.java:31)
	at Utilities.Log.info(Log.java:31)
	at Utilities.Log.info(Log.java:31)
	at Utilities.Log.info(Log.java:31)
	at Utilities.Log.info(Log.java:31)
	at Utilities.Log.info(Log.java:31)
	at Utilities.Log.info(Log.java:31)
	at Utilities.Log.info(Log.java:31)
	at Utilities.Log.info(Log.java:31)
	at Utilities.Log.info(Log.java:31)
	at Utilities.Log.info(Log.java:31)
	at Utilities.Log.info(Log.java:31)
	at Utilities.Log.info(Log.java:31)
	at Utilities.Log.info(Log.java:31)
	at Utilities.Log.info(Log.java:31)
	at Utilities.Log.info(Log.java:31)
	at Utilities.Log.info(Log.java:31)
	at Utilities.Log.info(Log.java:31)
	at Utilities.Log.info(Log.java:31)
	at Utilities.Log.info(Log.java:31)
	at Utilities.Log.info(Log.java:31)
	at Utilities.Log.info(Log.java:31)
	at Utilities.Log.info(Log.java:31)
	at Utilities.Log.info(Log.java:31)
	at Utilities.Log.info(Log.java:31)
	at Utilities.Log.info(Log.java:31)
	at Utilities.Log.info(Log.java:31)
	at Utilities.Log.info(Log.java:31)
	at Utilities.Log.info(Log.java:31)
	at Utilities.Log.info(Log.java:31)
	at Utilities.Log.info(Log.java:31)
	at Utilities.Log.info(Log.java:31)
	at Utilities.Log.info(Log.java:31)
	at Utilities.Log.info(Log.java:31)
	at Utilities.Log.info(Log.java:31)
	at Utilities.Log.info(Log.java:31)
	at Utilities.Log.info(Log.java:31)
	at Utilities.Log.info(Log.java:31)
	at Utilities.Log.info(Log.java:31)
	at Utilities.Log.info(Log.java:31)
	at Utilities.Log.info(Log.java:31)
	at Utilities.Log.info(Log.java:31)
	at Utilities.Log.info(Log.java:31)
	at Utilities.Log.info(Log.java:31)
	at Utilities.Log.info(Log.java:31)
	at Utilities.Log.info(Log.java:31)
	at Utilities.Log.info(Log.java:31)
	at Utilities.Log.info(Log.java:31)
	at Utilities.Log.info(Log.java:31)
	at Utilities.Log.info(Log.java:31)
	at Utilities.Log.info(Log.java:31)
	at Utilities.Log.info(Log.java:31)
	at Utilities.Log.info(Log.java:31)
	at Utilities.Log.info(Log.java:31)
	at Utilities.Log.info(Log.java:31)
	at Utilities.Log.info(Log.java:31)
	at Utilities.Log.info(Log.java:31)
	at Utilities.Log.info(Log.java:31)
	at Utilities.Log.info(Log.java:31)
	at Utilities.Log.info(Log.java:31)
	at Utilities.Log.info(Log.java:31)
	at Utilities.Log.info(Log.java:31)
	at Utilities.Log.info(Log.java:31)
	at Utilities.Log.info(Log.java:31)
	at Utilities.Log.info(Log.java:31)
	at Utilities.Log.info(Log.java:31)
	at Utilities.Log.info(Log.java:31)
	at Utilities.Log.info(Log.java:31)
	at Utilities.Log.info(Log.java:31)
	at Utilities.Log.info(Log.java:31)
	at Utilities.Log.info(Log.java:31)
	at Utilities.Log.info(Log.java:31)
	at Utilities.Log.info(Log.java:31)
	at Utilities.Log.info(Log.java:31)
	at Utilities.Log.info(Log.java:31)
	at Utilities.Log.info(Log.java:31)
	at Utilities.Log.info(Log.java:31)
	at Utilities.Log.info(Log.java:31)
	at Utilities.Log.info(Log.java:31)
	at Utilities.Log.info(Log.java:31)
	at Utilities.Log.info(Log.java:31)
	at Utilities.Log.info(Log.java:31)
	at Utilities.Log.info(Log.java:31)
	at Utilities.Log.info(Log.java:31)
	at Utilities.Log.info(Log.java:31)
	at Utilities.Log.info(Log.java:31)
	at Utilities.Log.info(Log.java:31)
	at Utilities.Log.info(Log.java:31)
	at Utilities.Log.info(Log.java:31)
	at Utilities.Log.info(Log.java:31)
	at Utilities.Log.info(Log.java:31)
	at Utilities.Log.info(Log.java:31)
	at Utilities.Log.info(Log.java:31)
	at Utilities.Log.info(Log.java:31)
	at Utilities.Log.info(Log.java:31)
	at Utilities.Log.info(Log.java:31)
	at Utilities.Log.info(Log.java:31)
	at Utilities.Log.info(Log.java:31)
	at Utilities.Log.info(Log.java:31)
	at Utilities.Log.info(Log.java:31)
	at Utilities.Log.info(Log.java:31)
	at Utilities.Log.info(Log.java:31)
	at Utilities.Log.info(Log.java:31)
	at Utilities.Log.info(Log.java:31)
	at Utilities.Log.info(Log.java:31)
	at Utilities.Log.info(Log.java:31)
	at Utilities.Log.info(Log.java:31)
	at Utilities.Log.info(Log.java:31)
	at Utilities.Log.info(Log.java:31)
	at Utilities.Log.info(Log.java:31)
	at Utilities.Log.info(Log.java:31)
	at Utilities.Log.info(Log.java:31)
	at Utilities.Log.info(Log.java:31)
	at Utilities.Log.info(Log.java:31)
	at Utilities.Log.info(Log.java:31)
	at Utilities.Log.info(Log.java:31)
]]>
    </failure>
  </testcase> <!-- validateHomePages -->
  <testcase classname="tests.TestCases" name="enterCityNameClickSearch" time="0.019">
    <failure type="java.lang.StackOverflowError">
      <![CDATA[java.lang.StackOverflowError
	at Utilities.Log.info(Log.java:31)
	at Utilities.Log.info(Log.java:31)
	at Utilities.Log.info(Log.java:31)
	at Utilities.Log.info(Log.java:31)
	at Utilities.Log.info(Log.java:31)
	at Utilities.Log.info(Log.java:31)
	at Utilities.Log.info(Log.java:31)
	at Utilities.Log.info(Log.java:31)
	at Utilities.Log.info(Log.java:31)
	at Utilities.Log.info(Log.java:31)
	at Utilities.Log.info(Log.java:31)
	at Utilities.Log.info(Log.java:31)
	at Utilities.Log.info(Log.java:31)
	at Utilities.Log.info(Log.java:31)
	at Utilities.Log.info(Log.java:31)
	at Utilities.Log.info(Log.java:31)
	at Utilities.Log.info(Log.java:31)
	at Utilities.Log.info(Log.java:31)
	at Utilities.Log.info(Log.java:31)
	at Utilities.Log.info(Log.java:31)
	at Utilities.Log.info(Log.java:31)
	at Utilities.Log.info(Log.java:31)
	at Utilities.Log.info(Log.java:31)
	at Utilities.Log.info(Log.java:31)
	at Utilities.Log.info(Log.java:31)
	at Utilities.Log.info(Log.java:31)
	at Utilities.Log.info(Log.java:31)
	at Utilities.Log.info(Log.java:31)
	at Utilities.Log.info(Log.java:31)
	at Utilities.Log.info(Log.java:31)
	at Utilities.Log.info(Log.java:31)
	at Utilities.Log.info(Log.java:31)
	at Utilities.Log.info(Log.java:31)
	at Utilities.Log.info(Log.java:31)
	at Utilities.Log.info(Log.java:31)
	at Utilities.Log.info(Log.java:31)
	at Utilities.Log.info(Log.java:31)
	at Utilities.Log.info(Log.java:31)
	at Utilities.Log.info(Log.java:31)
	at Utilities.Log.info(Log.java:31)
	at Utilities.Log.info(Log.java:31)
	at Utilities.Log.info(Log.java:31)
	at Utilities.Log.info(Log.java:31)
	at Utilities.Log.info(Log.java:31)
	at Utilities.Log.info(Log.java:31)
	at Utilities.Log.info(Log.java:31)
	at Utilities.Log.info(Log.java:31)
	at Utilities.Log.info(Log.java:31)
	at Utilities.Log.info(Log.java:31)
	at Utilities.Log.info(Log.java:31)
	at Utilities.Log.info(Log.java:31)
	at Utilities.Log.info(Log.java:31)
	at Utilities.Log.info(Log.java:31)
	at Utilities.Log.info(Log.java:31)
	at Utilities.Log.info(Log.java:31)
	at Utilities.Log.info(Log.java:31)
	at Utilities.Log.info(Log.java:31)
	at Utilities.Log.info(Log.java:31)
	at Utilities.Log.info(Log.java:31)
	at Utilities.Log.info(Log.java:31)
	at Utilities.Log.info(Log.java:31)
	at Utilities.Log.info(Log.java:31)
	at Utilities.Log.info(Log.java:31)
	at Utilities.Log.info(Log.java:31)
	at Utilities.Log.info(Log.java:31)
	at Utilities.Log.info(Log.java:31)
	at Utilities.Log.info(Log.java:31)
	at Utilities.Log.info(Log.java:31)
	at Utilities.Log.info(Log.java:31)
	at Utilities.Log.info(Log.java:31)
	at Utilities.Log.info(Log.java:31)
	at Utilities.Log.info(Log.java:31)
	at Utilities.Log.info(Log.java:31)
	at Utilities.Log.info(Log.java:31)
	at Utilities.Log.info(Log.java:31)
	at Utilities.Log.info(Log.java:31)
	at Utilities.Log.info(Log.java:31)
	at Utilities.Log.info(Log.java:31)
	at Utilities.Log.info(Log.java:31)
	at Utilities.Log.info(Log.java:31)
	at Utilities.Log.info(Log.java:31)
	at Utilities.Log.info(Log.java:31)
	at Utilities.Log.info(Log.java:31)
	at Utilities.Log.info(Log.java:31)
	at Utilities.Log.info(Log.java:31)
	at Utilities.Log.info(Log.java:31)
	at Utilities.Log.info(Log.java:31)
	at Utilities.Log.info(Log.java:31)
	at Utilities.Log.info(Log.java:31)
	at Utilities.Log.info(Log.java:31)
	at Utilities.Log.info(Log.java:31)
	at Utilities.Log.info(Log.java:31)
	at Utilities.Log.info(Log.java:31)
	at Utilities.Log.info(Log.java:31)
	at Utilities.Log.info(Log.java:31)
	at Utilities.Log.info(Log.java:31)
	at Utilities.Log.info(Log.java:31)
	at Utilities.Log.info(Log.java:31)
	at Utilities.Log.info(Log.java:31)
	at Utilities.Log.info(Log.java:31)
	at Utilities.Log.info(Log.java:31)
	at Utilities.Log.info(Log.java:31)
	at Utilities.Log.info(Log.java:31)
	at Utilities.Log.info(Log.java:31)
	at Utilities.Log.info(Log.java:31)
	at Utilities.Log.info(Log.java:31)
	at Utilities.Log.info(Log.java:31)
	at Utilities.Log.info(Log.java:31)
	at Utilities.Log.info(Log.java:31)
	at Utilities.Log.info(Log.java:31)
	at Utilities.Log.info(Log.java:31)
	at Utilities.Log.info(Log.java:31)
	at Utilities.Log.info(Log.java:31)
	at Utilities.Log.info(Log.java:31)
	at Utilities.Log.info(Log.java:31)
	at Utilities.Log.info(Log.java:31)
	at Utilities.Log.info(Log.java:31)
	at Utilities.Log.info(Log.java:31)
	at Utilities.Log.info(Log.java:31)
	at Utilities.Log.info(Log.java:31)
	at Utilities.Log.info(Log.java:31)
	at Utilities.Log.info(Log.java:31)
	at Utilities.Log.info(Log.java:31)
	at Utilities.Log.info(Log.java:31)
	at Utilities.Log.info(Log.java:31)
	at Utilities.Log.info(Log.java:31)
	at Utilities.Log.info(Log.java:31)
	at Utilities.Log.info(Log.java:31)
	at Utilities.Log.info(Log.java:31)
	at Utilities.Log.info(Log.java:31)
	at Utilities.Log.info(Log.java:31)
	at Utilities.Log.info(Log.java:31)
	at Utilities.Log.info(Log.java:31)
	at Utilities.Log.info(Log.java:31)
	at Utilities.Log.info(Log.java:31)
	at Utilities.Log.info(Log.java:31)
	at Utilities.Log.info(Log.java:31)
	at Utilities.Log.info(Log.java:31)
	at Utilities.Log.info(Log.java:31)
	at Utilities.Log.info(Log.java:31)
	at Utilities.Log.info(Log.java:31)
	at Utilities.Log.info(Log.java:31)
	at Utilities.Log.info(Log.java:31)
	at Utilities.Log.info(Log.java:31)
	at Utilities.Log.info(Log.java:31)
	at Utilities.Log.info(Log.java:31)
	at Utilities.Log.info(Log.java:31)
	at Utilities.Log.info(Log.java:31)
	at Utilities.Log.info(Log.java:31)
[...]
	at Utilities.Log.info(Log.java:31)
	at Utilities.Log.info(Log.java:31)
	at Utilities.Log.info(Log.java:31)
	at Utilities.Log.info(Log.java:31)
	at Utilities.Log.info(Log.java:31)
	at Utilities.Log.info(Log.java:31)
	at Utilities.Log.info(Log.java:31)
	at Utilities.Log.info(Log.java:31)
	at Utilities.Log.info(Log.java:31)
	at Utilities.Log.info(Log.java:31)
	at Utilities.Log.info(Log.java:31)
	at Utilities.Log.info(Log.java:31)
	at Utilities.Log.info(Log.java:31)
	at Utilities.Log.info(Log.java:31)
	at Utilities.Log.info(Log.java:31)
	at Utilities.Log.info(Log.java:31)
	at Utilities.Log.info(Log.java:31)
	at Utilities.Log.info(Log.java:31)
	at Utilities.Log.info(Log.java:31)
	at Utilities.Log.info(Log.java:31)
	at Utilities.Log.info(Log.java:31)
	at Utilities.Log.info(Log.java:31)
	at Utilities.Log.info(Log.java:31)
	at Utilities.Log.info(Log.java:31)
	at Utilities.Log.info(Log.java:31)
	at Utilities.Log.info(Log.java:31)
	at Utilities.Log.info(Log.java:31)
	at Utilities.Log.info(Log.java:31)
	at Utilities.Log.info(Log.java:31)
	at Utilities.Log.info(Log.java:31)
	at Utilities.Log.info(Log.java:31)
	at Utilities.Log.info(Log.java:31)
	at Utilities.Log.info(Log.java:31)
	at Utilities.Log.info(Log.java:31)
	at Utilities.Log.info(Log.java:31)
	at Utilities.Log.info(Log.java:31)
	at Utilities.Log.info(Log.java:31)
	at Utilities.Log.info(Log.java:31)
	at Utilities.Log.info(Log.java:31)
	at Utilities.Log.info(Log.java:31)
	at Utilities.Log.info(Log.java:31)
	at Utilities.Log.info(Log.java:31)
	at Utilities.Log.info(Log.java:31)
	at Utilities.Log.info(Log.java:31)
	at Utilities.Log.info(Log.java:31)
	at Utilities.Log.info(Log.java:31)
	at Utilities.Log.info(Log.java:31)
	at Utilities.Log.info(Log.java:31)
	at Utilities.Log.info(Log.java:31)
	at Utilities.Log.info(Log.java:31)
	at Utilities.Log.info(Log.java:31)
	at Utilities.Log.info(Log.java:31)
	at Utilities.Log.info(Log.java:31)
	at Utilities.Log.info(Log.java:31)
	at Utilities.Log.info(Log.java:31)
	at Utilities.Log.info(Log.java:31)
	at Utilities.Log.info(Log.java:31)
	at Utilities.Log.info(Log.java:31)
	at Utilities.Log.info(Log.java:31)
	at Utilities.Log.info(Log.java:31)
	at Utilities.Log.info(Log.java:31)
	at Utilities.Log.info(Log.java:31)
	at Utilities.Log.info(Log.java:31)
	at Utilities.Log.info(Log.java:31)
	at Utilities.Log.info(Log.java:31)
	at Utilities.Log.info(Log.java:31)
	at Utilities.Log.info(Log.java:31)
	at Utilities.Log.info(Log.java:31)
	at Utilities.Log.info(Log.java:31)
	at Utilities.Log.info(Log.java:31)
	at Utilities.Log.info(Log.java:31)
	at Utilities.Log.info(Log.java:31)
	at Utilities.Log.info(Log.java:31)
	at Utilities.Log.info(Log.java:31)
	at Utilities.Log.info(Log.java:31)
	at Utilities.Log.info(Log.java:31)
	at Utilities.Log.info(Log.java:31)
	at Utilities.Log.info(Log.java:31)
	at Utilities.Log.info(Log.java:31)
	at Utilities.Log.info(Log.java:31)
	at Utilities.Log.info(Log.java:31)
	at Utilities.Log.info(Log.java:31)
	at Utilities.Log.info(Log.java:31)
	at Utilities.Log.info(Log.java:31)
	at Utilities.Log.info(Log.java:31)
	at Utilities.Log.info(Log.java:31)
	at Utilities.Log.info(Log.java:31)
	at Utilities.Log.info(Log.java:31)
	at Utilities.Log.info(Log.java:31)
	at Utilities.Log.info(Log.java:31)
	at Utilities.Log.info(Log.java:31)
	at Utilities.Log.info(Log.java:31)
	at Utilities.Log.info(Log.java:31)
	at Utilities.Log.info(Log.java:31)
	at Utilities.Log.info(Log.java:31)
	at Utilities.Log.info(Log.java:31)
	at Utilities.Log.info(Log.java:31)
	at Utilities.Log.info(Log.java:31)
	at Utilities.Log.info(Log.java:31)
	at Utilities.Log.info(Log.java:31)
	at Utilities.Log.info(Log.java:31)
	at Utilities.Log.info(Log.java:31)
	at Utilities.Log.info(Log.java:31)
	at Utilities.Log.info(Log.java:31)
	at Utilities.Log.info(Log.java:31)
	at Utilities.Log.info(Log.java:31)
	at Utilities.Log.info(Log.java:31)
	at Utilities.Log.info(Log.java:31)
	at Utilities.Log.info(Log.java:31)
	at Utilities.Log.info(Log.java:31)
	at Utilities.Log.info(Log.java:31)
	at Utilities.Log.info(Log.java:31)
	at Utilities.Log.info(Log.java:31)
	at Utilities.Log.info(Log.java:31)
	at Utilities.Log.info(Log.java:31)
	at Utilities.Log.info(Log.java:31)
	at Utilities.Log.info(Log.java:31)
	at Utilities.Log.info(Log.java:31)
	at Utilities.Log.info(Log.java:31)
	at Utilities.Log.info(Log.java:31)
	at Utilities.Log.info(Log.java:31)
	at Utilities.Log.info(Log.java:31)
	at Utilities.Log.info(Log.java:31)
	at Utilities.Log.info(Log.java:31)
	at Utilities.Log.info(Log.java:31)
	at Utilities.Log.info(Log.java:31)
	at Utilities.Log.info(Log.java:31)
	at Utilities.Log.info(Log.java:31)
	at Utilities.Log.info(Log.java:31)
	at Utilities.Log.info(Log.java:31)
	at Utilities.Log.info(Log.java:31)
	at Utilities.Log.info(Log.java:31)
	at Utilities.Log.info(Log.java:31)
	at Utilities.Log.info(Log.java:31)
	at Utilities.Log.info(Log.java:31)
	at Utilities.Log.info(Log.java:31)
	at Utilities.Log.info(Log.java:31)
	at Utilities.Log.info(Log.java:31)
	at Utilities.Log.info(Log.java:31)
	at Utilities.Log.info(Log.java:31)
	at Utilities.Log.info(Log.java:31)
	at Utilities.Log.info(Log.java:31)
	at Utilities.Log.info(Log.java:31)
	at Utilities.Log.info(Log.java:31)
	at Utilities.Log.info(Log.java:31)
	at Utilities.Log.info(Log.java:31)
	at Utilities.Log.info(Log.java:31)
	at Utilities.Log.info(Log.java:31)
	at Utilities.Log.info(Log.java:31)
	at Utilities.Log.info(Log.java:31)
	at Utilities.Log.info(Log.java:31)
	at Utilities.Log.info(Log.java:31)
	at Utilities.Log.info(Log.java:31)
	at Utilities.Log.info(Log.java:31)
	at Utilities.Log.info(Log.java:31)
	at Utilities.Log.info(Log.java:31)
	at Utilities.Log.info(Log.java:31)
	at Utilities.Log.info(Log.java:31)
	at Utilities.Log.info(Log.java:31)
	at Utilities.Log.info(Log.java:31)
	at Utilities.Log.info(Log.java:31)
	at Utilities.Log.info(Log.java:31)
	at Utilities.Log.info(Log.java:31)
	at Utilities.Log.info(Log.java:31)
	at Utilities.Log.info(Log.java:31)
	at Utilities.Log.info(Log.java:31)
	at Utilities.Log.info(Log.java:31)
	at Utilities.Log.info(Log.java:31)
	at Utilities.Log.info(Log.java:31)
	at Utilities.Log.info(Log.java:31)
	at Utilities.Log.info(Log.java:31)
	at Utilities.Log.info(Log.java:31)
	at Utilities.Log.info(Log.java:31)
	at Utilities.Log.info(Log.java:31)
	at Utilities.Log.info(Log.java:31)
	at Utilities.Log.info(Log.java:31)
	at Utilities.Log.info(Log.java:31)
	at Utilities.Log.info(Log.java:31)
	at Utilities.Log.info(Log.java:31)
	at Utilities.Log.info(Log.java:31)
	at Utilities.Log.info(Log.java:31)
	at Utilities.Log.info(Log.java:31)
	at Utilities.Log.info(Log.java:31)
	at Utilities.Log.info(Log.java:31)
	at Utilities.Log.info(Log.java:31)
	at Utilities.Log.info(Log.java:31)
	at Utilities.Log.info(Log.java:31)
	at Utilities.Log.info(Log.java:31)
	at Utilities.Log.info(Log.java:31)
	at Utilities.Log.info(Log.java:31)
	at Utilities.Log.info(Log.java:31)
	at Utilities.Log.info(Log.java:31)
	at Utilities.Log.info(Log.java:31)
	at Utilities.Log.info(Log.java:31)
	at Utilities.Log.info(Log.java:31)
	at Utilities.Log.info(Log.java:31)
	at Utilities.Log.info(Log.java:31)
	at Utilities.Log.info(Log.java:31)
	at Utilities.Log.info(Log.java:31)
	at Utilities.Log.info(Log.java:31)
	at Utilities.Log.info(Log.java:31)
	at Utilities.Log.info(Log.java:31)
	at Utilities.Log.info(Log.java:31)
	at Utilities.Log.info(Log.java:31)
	at Utilities.Log.info(Log.java:31)
	at Utilities.Log.info(Log.java:31)
	at Utilities.Log.info(Log.java:31)
	at Utilities.Log.info(Log.java:31)
	at Utilities.Log.info(Log.java:31)
	at Utilities.Log.info(Log.java:31)
	at Utilities.Log.info(Log.java:31)
	at Utilities.Log.info(Log.java:31)
	at Utilities.Log.info(Log.java:31)
	at Utilities.Log.info(Log.java:31)
	at Utilities.Log.info(Log.java:31)
	at Utilities.Log.info(Log.java:31)
	at Utilities.Log.info(Log.java:31)
	at Utilities.Log.info(Log.java:31)
	at Utilities.Log.info(Log.java:31)
	at Utilities.Log.info(Log.java:31)
	at Utilities.Log.info(Log.java:31)
	at Utilities.Log.info(Log.java:31)
	at Utilities.Log.info(Log.java:31)
	at Utilities.Log.info(Log.java:31)
	at Utilities.Log.info(Log.java:31)
	at Utilities.Log.info(Log.java:31)
	at Utilities.Log.info(Log.java:31)
	at Utilities.Log.info(Log.java:31)
	at Utilities.Log.info(Log.java:31)
	at Utilities.Log.info(Log.java:31)
	at Utilities.Log.info(Log.java:31)
	at Utilities.Log.info(Log.java:31)
	at Utilities.Log.info(Log.java:31)
	at Utilities.Log.info(Log.java:31)
	at Utilities.Log.info(Log.java:31)
	at Utilities.Log.info(Log.java:31)
	at Utilities.Log.info(Log.java:31)
	at Utilities.Log.info(Log.java:31)
	at Utilities.Log.info(Log.java:31)
	at Utilities.Log.info(Log.java:31)
	at Utilities.Log.info(Log.java:31)
	at Utilities.Log.info(Log.java:31)
	at Utilities.Log.info(Log.java:31)
	at Utilities.Log.info(Log.java:31)
	at Utilities.Log.info(Log.java:31)
	at Utilities.Log.info(Log.java:31)
	at Utilities.Log.info(Log.java:31)
	at Utilities.Log.info(Log.java:31)
	at Utilities.Log.info(Log.java:31)
	at Utilities.Log.info(Log.java:31)
	at Utilities.Log.info(Log.java:31)
	at Utilities.Log.info(Log.java:31)
	at Utilities.Log.info(Log.java:31)
	at Utilities.Log.info(Log.java:31)
	at Utilities.Log.info(Log.java:31)
	at Utilities.Log.info(Log.java:31)
	at Utilities.Log.info(Log.java:31)
	at Utilities.Log.info(Log.java:31)
	at Utilities.Log.info(Log.java:31)
	at Utilities.Log.info(Log.java:31)
	at Utilities.Log.info(Log.java:31)
	at Utilities.Log.info(Log.java:31)
	at Utilities.Log.info(Log.java:31)
	at Utilities.Log.info(Log.java:31)
	at Utilities.Log.info(Log.java:31)
	at Utilities.Log.info(Log.java:31)
	at Utilities.Log.info(Log.java:31)
	at Utilities.Log.info(Log.java:31)
	at Utilities.Log.info(Log.java:31)
	at Utilities.Log.info(Log.java:31)
	at Utilities.Log.info(Log.java:31)
	at Utilities.Log.info(Log.java:31)
	at Utilities.Log.info(Log.java:31)
	at Utilities.Log.info(Log.java:31)
	at Utilities.Log.info(Log.java:31)
	at Utilities.Log.info(Log.java:31)
	at Utilities.Log.info(Log.java:31)
	at Utilities.Log.info(Log.java:31)
	at Utilities.Log.info(Log.java:31)
	at Utilities.Log.info(Log.java:31)
	at Utilities.Log.info(Log.java:31)
	at Utilities.Log.info(Log.java:31)
	at Utilities.Log.info(Log.java:31)
	at Utilities.Log.info(Log.java:31)
	at Utilities.Log.info(Log.java:31)
	at Utilities.Log.info(Log.java:31)
	at Utilities.Log.info(Log.java:31)
	at Utilities.Log.info(Log.java:31)
	at Utilities.Log.info(Log.java:31)
	at Utilities.Log.info(Log.java:31)
	at Utilities.Log.info(Log.java:31)
	at Utilities.Log.info(Log.java:31)
	at Utilities.Log.info(Log.java:31)
	at Utilities.Log.info(Log.java:31)
	at Utilities.Log.info(Log.java:31)
	at Utilities.Log.info(Log.java:31)
	at Utilities.Log.info(Log.java:31)
	at Utilities.Log.info(Log.java:31)
	at Utilities.Log.info(Log.java:31)
	at Utilities.Log.info(Log.java:31)
	at Utilities.Log.info(Log.java:31)
	at Utilities.Log.info(Log.java:31)
	at Utilities.Log.info(Log.java:31)
	at Utilities.Log.info(Log.java:31)
	at Utilities.Log.info(Log.java:31)
	at Utilities.Log.info(Log.java:31)
	at Utilities.Log.info(Log.java:31)
	at Utilities.Log.info(Log.java:31)
	at Utilities.Log.info(Log.java:31)
	at Utilities.Log.info(Log.java:31)
	at Utilities.Log.info(Log.java:31)
	at Utilities.Log.info(Log.java:31)
	at Utilities.Log.info(Log.java:31)
	at Utilities.Log.info(Log.java:31)
	at Utilities.Log.info(Log.java:31)
	at Utilities.Log.info(Log.java:31)
	at Utilities.Log.info(Log.java:31)
	at Utilities.Log.info(Log.java:31)
	at Utilities.Log.info(Log.java:31)
	at Utilities.Log.info(Log.java:31)
	at Utilities.Log.info(Log.java:31)
	at Utilities.Log.info(Log.java:31)
	at Utilities.Log.info(Log.java:31)
	at Utilities.Log.info(Log.java:31)
	at Utilities.Log.info(Log.java:31)
	at Utilities.Log.info(Log.java:31)
	at Utilities.Log.info(Log.java:31)
	at Utilities.Log.info(Log.java:31)
	at Utilities.Log.info(Log.java:31)
	at Utilities.Log.info(Log.java:31)
	at Utilities.Log.info(Log.java:31)
	at Utilities.Log.info(Log.java:31)
	at Utilities.Log.info(Log.java:31)
	at Utilities.Log.info(Log.java:31)
	at Utilities.Log.info(Log.java:31)
	at Utilities.Log.info(Log.java:31)
	at Utilities.Log.info(Log.java:31)
	at Utilities.Log.info(Log.java:31)
	at Utilities.Log.info(Log.java:31)
	at Utilities.Log.info(Log.java:31)
	at Utilities.Log.info(Log.java:31)
	at Utilities.Log.info(Log.java:31)
	at Utilities.Log.info(Log.java:31)
	at Utilities.Log.info(Log.java:31)
	at Utilities.Log.info(Log.java:31)
	at Utilities.Log.info(Log.java:31)
	at Utilities.Log.info(Log.java:31)
	at Utilities.Log.info(Log.java:31)
	at Utilities.Log.info(Log.java:31)
	at Utilities.Log.info(Log.java:31)
	at Utilities.Log.info(Log.java:31)
	at Utilities.Log.info(Log.java:31)
	at Utilities.Log.info(Log.java:31)
	at Utilities.Log.info(Log.java:31)
	at Utilities.Log.info(Log.java:31)
	at Utilities.Log.info(Log.java:31)
	at Utilities.Log.info(Log.java:31)
	at Utilities.Log.info(Log.java:31)
	at Utilities.Log.info(Log.java:31)
	at Utilities.Log.info(Log.java:31)
	at Utilities.Log.info(Log.java:31)
	at Utilities.Log.info(Log.java:31)
	at Utilities.Log.info(Log.java:31)
	at Utilities.Log.info(Log.java:31)
	at Utilities.Log.info(Log.java:31)
	at Utilities.Log.info(Log.java:31)
	at Utilities.Log.info(Log.java:31)
	at Utilities.Log.info(Log.java:31)
	at Utilities.Log.info(Log.java:31)
	at Utilities.Log.info(Log.java:31)
	at Utilities.Log.info(Log.java:31)
	at Utilities.Log.info(Log.java:31)
	at Utilities.Log.info(Log.java:31)
	at Utilities.Log.info(Log.java:31)
	at Utilities.Log.info(Log.java:31)
	at Utilities.Log.info(Log.java:31)
	at Utilities.Log.info(Log.java:31)
	at Utilities.Log.info(Log.java:31)
	at Utilities.Log.info(Log.java:31)
	at Utilities.Log.info(Log.java:31)
	at Utilities.Log.info(Log.java:31)
	at Utilities.Log.info(Log.java:31)
	at Utilities.Log.info(Log.java:31)
	at Utilities.Log.info(Log.java:31)
	at Utilities.Log.info(Log.java:31)
	at Utilities.Log.info(Log.java:31)
	at Utilities.Log.info(Log.java:31)
	at Utilities.Log.info(Log.java:31)
	at Utilities.Log.info(Log.java:31)
	at Utilities.Log.info(Log.java:31)
	at Utilities.Log.info(Log.java:31)
	at Utilities.Log.info(Log.java:31)
	at Utilities.Log.info(Log.java:31)
	at Utilities.Log.info(Log.java:31)
	at Utilities.Log.info(Log.java:31)
	at Utilities.Log.info(Log.java:31)
	at Utilities.Log.info(Log.java:31)
	at Utilities.Log.info(Log.java:31)
	at Utilities.Log.info(Log.java:31)
	at Utilities.Log.info(Log.java:31)
	at Utilities.Log.info(Log.java:31)
	at Utilities.Log.info(Log.java:31)
	at Utilities.Log.info(Log.java:31)
	at Utilities.Log.info(Log.java:31)
	at Utilities.Log.info(Log.java:31)
	at Utilities.Log.info(Log.java:31)
	at Utilities.Log.info(Log.java:31)
	at Utilities.Log.info(Log.java:31)
	at Utilities.Log.info(Log.java:31)
	at Utilities.Log.info(Log.java:31)
	at Utilities.Log.info(Log.java:31)
	at Utilities.Log.info(Log.java:31)
	at Utilities.Log.info(Log.java:31)
	at Utilities.Log.info(Log.java:31)
	at Utilities.Log.info(Log.java:31)
	at Utilities.Log.info(Log.java:31)
	at Utilities.Log.info(Log.java:31)
	at Utilities.Log.info(Log.java:31)
	at Utilities.Log.info(Log.java:31)
	at Utilities.Log.info(Log.java:31)
	at Utilities.Log.info(Log.java:31)
	at Utilities.Log.info(Log.java:31)
	at Utilities.Log.info(Log.java:31)
	at Utilities.Log.info(Log.java:31)
	at Utilities.Log.info(Log.java:31)
	at Utilities.Log.info(Log.java:31)
	at Utilities.Log.info(Log.java:31)
	at Utilities.Log.info(Log.java:31)
	at Utilities.Log.info(Log.java:31)
	at Utilities.Log.info(Log.java:31)
	at Utilities.Log.info(Log.java:31)
	at Utilities.Log.info(Log.java:31)
	at Utilities.Log.info(Log.java:31)
	at Utilities.Log.info(Log.java:31)
	at Utilities.Log.info(Log.java:31)
	at Utilities.Log.info(Log.java:31)
	at Utilities.Log.info(Log.java:31)
	at Utilities.Log.info(Log.java:31)
	at Utilities.Log.info(Log.java:31)
	at Utilities.Log.info(Log.java:31)
	at Utilities.Log.info(Log.java:31)
	at Utilities.Log.info(Log.java:31)
	at Utilities.Log.info(Log.java:31)
	at Utilities.Log.info(Log.java:31)
	at Utilities.Log.info(Log.java:31)
	at Utilities.Log.info(Log.java:31)
	at Utilities.Log.info(Log.java:31)
	at Utilities.Log.info(Log.java:31)
	at Utilities.Log.info(Log.java:31)
	at Utilities.Log.info(Log.java:31)
	at Utilities.Log.info(Log.java:31)
	at Utilities.Log.info(Log.java:31)
	at Utilities.Log.info(Log.java:31)
	at Utilities.Log.info(Log.java:31)
	at Utilities.Log.info(Log.java:31)
	at Utilities.Log.info(Log.java:31)
	at Utilities.Log.info(Log.java:31)
	at Utilities.Log.info(Log.java:31)
	at Utilities.Log.info(Log.java:31)
	at Utilities.Log.info(Log.java:31)
	at Utilities.Log.info(Log.java:31)
	at Utilities.Log.info(Log.java:31)
	at Utilities.Log.info(Log.java:31)
	at Utilities.Log.info(Log.java:31)
	at Utilities.Log.info(Log.java:31)
	at Utilities.Log.info(Log.java:31)
	at Utilities.Log.info(Log.java:31)
	at Utilities.Log.info(Log.java:31)
	at Utilities.Log.info(Log.java:31)
	at Utilities.Log.info(Log.java:31)
	at Utilities.Log.info(Log.java:31)
	at Utilities.Log.info(Log.java:31)
	at Utilities.Log.info(Log.java:31)
	at Utilities.Log.info(Log.java:31)
	at Utilities.Log.info(Log.java:31)
	at Utilities.Log.info(Log.java:31)
	at Utilities.Log.info(Log.java:31)
	at Utilities.Log.info(Log.java:31)
	at Utilities.Log.info(Log.java:31)
	at Utilities.Log.info(Log.java:31)
	at Utilities.Log.info(Log.java:31)
	at Utilities.Log.info(Log.java:31)
	at Utilities.Log.info(Log.java:31)
	at Utilities.Log.info(Log.java:31)
	at Utilities.Log.info(Log.java:31)
	at Utilities.Log.info(Log.java:31)
	at Utilities.Log.info(Log.java:31)
	at Utilities.Log.info(Log.java:31)
	at Utilities.Log.info(Log.java:31)
	at Utilities.Log.info(Log.java:31)
	at Utilities.Log.info(Log.java:31)
	at Utilities.Log.info(Log.java:31)
	at Utilities.Log.info(Log.java:31)
	at Utilities.Log.info(Log.java:31)
	at Utilities.Log.info(Log.java:31)
	at Utilities.Log.info(Log.java:31)
	at Utilities.Log.info(Log.java:31)
	at Utilities.Log.info(Log.java:31)
	at Utilities.Log.info(Log.java:31)
	at Utilities.Log.info(Log.java:31)
	at Utilities.Log.info(Log.java:31)
	at Utilities.Log.info(Log.java:31)
	at Utilities.Log.info(Log.java:31)
	at Utilities.Log.info(Log.java:31)
	at Utilities.Log.info(Log.java:31)
	at Utilities.Log.info(Log.java:31)
	at Utilities.Log.info(Log.java:31)
	at Utilities.Log.info(Log.java:31)
	at Utilities.Log.info(Log.java:31)
	at Utilities.Log.info(Log.java:31)
	at Utilities.Log.info(Log.java:31)
	at Utilities.Log.info(Log.java:31)
	at Utilities.Log.info(Log.java:31)
	at Utilities.Log.info(Log.java:31)
	at Utilities.Log.info(Log.java:31)
	at Utilities.Log.info(Log.java:31)
	at Utilities.Log.info(Log.java:31)
	at Utilities.Log.info(Log.java:31)
	at Utilities.Log.info(Log.java:31)
	at Utilities.Log.info(Log.java:31)
	at Utilities.Log.info(Log.java:31)
	at Utilities.Log.info(Log.java:31)
	at Utilities.Log.info(Log.java:31)
	at Utilities.Log.info(Log.java:31)
	at Utilities.Log.info(Log.java:31)
	at Utilities.Log.info(Log.java:31)
	at Utilities.Log.info(Log.java:31)
	at Utilities.Log.info(Log.java:31)
	at Utilities.Log.info(Log.java:31)
	at Utilities.Log.info(Log.java:31)
	at Utilities.Log.info(Log.java:31)
	at Utilities.Log.info(Log.java:31)
	at Utilities.Log.info(Log.java:31)
	at Utilities.Log.info(Log.java:31)
	at Utilities.Log.info(Log.java:31)
	at Utilities.Log.info(Log.java:31)
	at Utilities.Log.info(Log.java:31)
	at Utilities.Log.info(Log.java:31)
	at Utilities.Log.info(Log.java:31)
	at Utilities.Log.info(Log.java:31)
	at Utilities.Log.info(Log.java:31)
	at Utilities.Log.info(Log.java:31)
	at Utilities.Log.info(Log.java:31)
	at Utilities.Log.info(Log.java:31)
	at Utilities.Log.info(Log.java:31)
	at Utilities.Log.info(Log.java:31)
	at Utilities.Log.info(Log.java:31)
	at Utilities.Log.info(Log.java:31)
	at Utilities.Log.info(Log.java:31)
	at Utilities.Log.info(Log.java:31)
	at Utilities.Log.info(Log.java:31)
	at Utilities.Log.info(Log.java:31)
]]>
    </failure>
  </testcase> <!-- tearDown -->
</testsuite> <!-- FireFoxBrowserTest -->
